#! /opt/homebrew/Cellar/icarus-verilog/11.0/bin/vvp
:ivl_version "11.0 (stable)";
:ivl_delay_selection "TYPICAL";
:vpi_time_precision - 12;
:vpi_module "/opt/homebrew/Cellar/icarus-verilog/11.0/lib/ivl/system.vpi";
:vpi_module "/opt/homebrew/Cellar/icarus-verilog/11.0/lib/ivl/vhdl_sys.vpi";
:vpi_module "/opt/homebrew/Cellar/icarus-verilog/11.0/lib/ivl/vhdl_textio.vpi";
:vpi_module "/opt/homebrew/Cellar/icarus-verilog/11.0/lib/ivl/v2005_math.vpi";
:vpi_module "/opt/homebrew/Cellar/icarus-verilog/11.0/lib/ivl/va_math.vpi";
S_0x12987e840 .scope module, "test_bench_unsigned" "test_bench_unsigned" 2 3;
 .timescale -9 -12;
v0x1298c3450_0 .net "OF", 0 0, L_0x1298e64d0;  1 drivers
v0x1298c3510_0 .var "a", 15 0;
v0x1298c35a0_0 .var "b", 15 0;
v0x1298c3650_0 .var "cin", 0 0;
v0x1298c3720_0 .var "control", 0 0;
v0x1298c37f0_0 .net "cout", 0 0, L_0x1298e4970;  1 drivers
v0x1298c38c0_0 .var "sign", 0 0;
v0x1298c3950_0 .net "sum", 15 0, L_0x1298e5d70;  1 drivers
S_0x1298452c0 .scope module, "c" "CLA_16bit" 2 16, 3 3 0, S_0x12987e840;
 .timescale -9 -9;
    .port_info 0 /INPUT 16 "A";
    .port_info 1 /INPUT 16 "B";
    .port_info 2 /INPUT 1 "Ci";
    .port_info 3 /INPUT 1 "control";
    .port_info 4 /INPUT 1 "sign";
    .port_info 5 /OUTPUT 16 "sum";
    .port_info 6 /OUTPUT 1 "Co";
    .port_info 7 /OUTPUT 1 "OF";
L_0x1298c39e0 .functor BUF 16, L_0x1298c3a90, C4<0000000000000000>, C4<0000000000000000>, C4<0000000000000000>;
L_0x1298c3bb0 .functor NOT 16, L_0x1298c39e0, C4<0000000000000000>, C4<0000000000000000>, C4<0000000000000000>;
L_0x1298c3c60 .functor AND 16, v0x1298c35a0_0, L_0x1298c3bb0, C4<1111111111111111>, C4<1111111111111111>;
L_0x1298c3d50 .functor NOT 16, v0x1298c35a0_0, C4<0000000000000000>, C4<0000000000000000>, C4<0000000000000000>;
L_0x1298d4db0 .functor AND 16, L_0x1298d4a90, L_0x1298c39e0, C4<1111111111111111>, C4<1111111111111111>;
L_0x1298d4e20 .functor OR 16, L_0x1298d4db0, L_0x1298c3c60, C4<0000000000000000>, C4<0000000000000000>;
L_0x1298e60c0 .functor NOT 1, v0x1298c38c0_0, C4<0>, C4<0>, C4<0>;
L_0x1298e6130 .functor BUF 1, L_0x1298e4970, C4<0>, C4<0>, C4<0>;
L_0x1298e6220 .functor XOR 1, L_0x1298e6290, L_0x1298e4970, C4<0>, C4<0>;
L_0x1298e6330 .functor AND 1, L_0x1298e60c0, L_0x1298e6130, C4<1>, C4<1>;
L_0x1298e6420 .functor AND 1, v0x1298c38c0_0, L_0x1298e6220, C4<1>, C4<1>;
L_0x1298e64d0 .functor OR 1, L_0x1298e6330, L_0x1298e6420, C4<0>, C4<0>;
v0x1298c2160_0 .net "A", 15 0, v0x1298c3510_0;  1 drivers
v0x1298c21f0_0 .net "B", 15 0, v0x1298c35a0_0;  1 drivers
v0x1298c2280_0 .net "Ci", 0 0, v0x1298c3650_0;  1 drivers
v0x1298c2310_0 .net "Co", 0 0, L_0x1298e4970;  alias, 1 drivers
v0x1298c23a0_0 .net "OF", 0 0, L_0x1298e64d0;  alias, 1 drivers
v0x1298c2470_0 .net *"_ivl_1", 15 0, L_0x1298c3a90;  1 drivers
v0x1298c2500_0 .net *"_ivl_102", 0 0, L_0x1298e6290;  1 drivers
v0x1298c25b0_0 .net "b_temp1", 15 0, L_0x1298c3c60;  1 drivers
v0x1298c2660_0 .net "b_temp2", 15 0, L_0x1298c3d50;  1 drivers
v0x1298c2770_0 .net "b_temp3", 15 0, L_0x1298d4db0;  1 drivers
v0x1298c2820_0 .net "c", 15 0, L_0x1298c39e0;  1 drivers
v0x1298c28d0_0 .net "c_not", 15 0, L_0x1298c3bb0;  1 drivers
v0x1298c2980_0 .net "carry", 2 0, L_0x1298e1870;  1 drivers
v0x1298c2a30_0 .net "carry1", 2 0, L_0x1298d0610;  1 drivers
v0x1298c2ae0_0 .net "control", 0 0, v0x1298c3720_0;  1 drivers
v0x1298c2b80_0 .net "cp", 3 0, L_0x1298e5e50;  1 drivers
v0x1298c2c30_0 .net "cp1", 3 0, L_0x1298d4bb0;  1 drivers
v0x1298c2dc0_0 .net "dummy", 0 0, L_0x1298d37b0;  1 drivers
v0x1298c2e50_0 .net "of_temp1", 0 0, L_0x1298e6130;  1 drivers
v0x1298c2ee0_0 .net "of_temp2", 0 0, L_0x1298e6220;  1 drivers
v0x1298c2f70_0 .net "of_temp3", 0 0, L_0x1298e6330;  1 drivers
v0x1298c3000_0 .net "of_temp4", 0 0, L_0x1298e6420;  1 drivers
v0x1298c3090_0 .net "op2", 15 0, L_0x1298d4a90;  1 drivers
v0x1298c3120_0 .net "op3", 15 0, L_0x1298d4e20;  1 drivers
v0x1298c31b0_0 .net "s_not", 0 0, L_0x1298e60c0;  1 drivers
v0x1298c3240_0 .net "sign", 0 0, v0x1298c38c0_0;  1 drivers
v0x1298c32e0_0 .net "sum", 15 0, L_0x1298e5d70;  alias, 1 drivers
L_0x1298c3a90 .repeat 16, 16, v0x1298c3720_0;
L_0x1298c7fe0 .part L_0x1298c3d50, 0, 4;
L_0x1298cc1b0 .part L_0x1298c3d50, 4, 4;
L_0x1298cc250 .part L_0x1298d0610, 0, 1;
L_0x1298d0490 .part L_0x1298c3d50, 8, 4;
L_0x1298d0530 .part L_0x1298d0610, 1, 1;
L_0x1298d0610 .concat8 [ 1 1 1 0], L_0x1298c6f50, L_0x1298cb0e0, L_0x1298cf3c0;
L_0x1298d4880 .part L_0x1298c3d50, 12, 4;
L_0x1298d4920 .part L_0x1298d0610, 2, 1;
L_0x1298d4a90 .concat8 [ 4 4 4 4], L_0x1298c7900, L_0x1298cbad0, L_0x1298cfdb0, L_0x1298d41a0;
L_0x1298d4bb0 .concat8 [ 1 1 1 1], L_0x1298c6560, L_0x1298ca730, L_0x1298cea10, L_0x1298d2e00;
L_0x1298d8fe0 .part v0x1298c3510_0, 0, 4;
L_0x1298d9080 .part L_0x1298d4e20, 0, 4;
L_0x1298dd240 .part v0x1298c3510_0, 4, 4;
L_0x1298dd2e0 .part L_0x1298d4e20, 4, 4;
L_0x1298dd380 .part L_0x1298e1870, 0, 1;
L_0x1298e1560 .part v0x1298c3510_0, 8, 4;
L_0x1298e1690 .part L_0x1298d4e20, 8, 4;
L_0x1298e1730 .part L_0x1298e1870, 1, 1;
L_0x1298e1870 .concat8 [ 1 1 1 0], L_0x1298d7f10, L_0x1298dc170, L_0x1298e0490;
L_0x1298e5a40 .part v0x1298c3510_0, 12, 4;
L_0x1298e17d0 .part L_0x1298d4e20, 12, 4;
L_0x1298e5b90 .part L_0x1298e1870, 2, 1;
L_0x1298e5d70 .concat8 [ 4 4 4 4], L_0x1298d88c0, L_0x1298dcb60, L_0x1298e0e80, L_0x1298e5320;
L_0x1298e5e50 .concat8 [ 1 1 1 1], L_0x1298d7560, L_0x1298db7c0, L_0x1298dfae0, L_0x1298e3fc0;
L_0x1298e6290 .part L_0x1298e5e50, 3, 1;
S_0x12989ab90 .scope module, "cla1" "CLA4" 3 20, 4 3 0, S_0x1298452c0;
 .timescale -9 -9;
    .port_info 0 /INPUT 4 "A";
    .port_info 1 /INPUT 4 "B";
    .port_info 2 /INPUT 1 "Ci";
    .port_info 3 /OUTPUT 4 "sum";
    .port_info 4 /OUTPUT 1 "Co";
    .port_info 5 /OUTPUT 1 "Cp";
L_0x1298c3dc0 .functor AND 1, L_0x1298c3eb0, L_0x1298c3f90, C4<1>, C4<1>;
L_0x1298c4070 .functor AND 1, L_0x1298c4160, L_0x1298c4280, C4<1>, C4<1>;
L_0x1298c43a0 .functor AND 1, L_0x1298c4450, L_0x1298c4560, C4<1>, C4<1>;
L_0x1298c47d0 .functor AND 1, L_0x1298c4880, L_0x1298c49e0, C4<1>, C4<1>;
L_0x1298c4b50 .functor XOR 1, L_0x1298c4bc0, L_0x1298c4ca0, C4<0>, C4<0>;
L_0x1298c4de0 .functor XOR 1, L_0x1298c4e50, L_0x1298c4ef0, C4<0>, C4<0>;
L_0x1298c5040 .functor XOR 1, L_0x1298c50b0, L_0x1298c5190, C4<0>, C4<0>;
L_0x1298c5410 .functor XOR 1, L_0x1298c54c0, L_0x1298c5730, C4<0>, C4<0>;
L_0x130078058 .functor BUFT 1, C4<1>, C4<0>, C4<0>, C4<0>;
L_0x1298c5270 .functor BUF 1, L_0x130078058, C4<0>, C4<0>, C4<0>;
L_0x1298c58d0 .functor AND 1, L_0x1298c5940, L_0x1298c5ac0, C4<1>, C4<1>;
L_0x1298c56a0 .functor OR 1, L_0x1298c5c20, L_0x1298c5a20, C4<0>, C4<0>;
L_0x1298c5df0 .functor AND 1, L_0x1298c5ea0, L_0x1298c6040, C4<1>, C4<1>;
L_0x1298c5d40 .functor OR 1, L_0x1298c61b0, L_0x1298c6360, C4<0>, C4<0>;
L_0x1298c5fc0 .functor AND 1, L_0x1298c6400, L_0x1298c6640, C4<1>, C4<1>;
L_0x1298c68d0 .functor OR 1, L_0x1298c6980, L_0x1298c6aa0, C4<0>, C4<0>;
L_0x1298c6820 .functor AND 1, L_0x1298c6d60, L_0x1298c6b40, C4<1>, C4<1>;
L_0x1298c6f50 .functor OR 1, L_0x1298c7050, L_0x1298c6e40, C4<0>, C4<0>;
L_0x1298c6560 .functor BUF 1, L_0x1298c7250, C4<0>, C4<0>, C4<0>;
L_0x1298c7130 .functor XOR 1, L_0x1298c7460, L_0x1298c7540, C4<0>, C4<0>;
L_0x1298c7330 .functor XOR 1, L_0x1298c73a0, L_0x1298c7720, C4<0>, C4<0>;
L_0x1298c75e0 .functor XOR 1, L_0x1298c7650, L_0x1298c7b50, C4<0>, C4<0>;
L_0x1298c79e0 .functor XOR 1, L_0x1298c7d90, L_0x1298c7bf0, C4<0>, C4<0>;
v0x1298619e0_0 .net "A", 3 0, L_0x1298c7fe0;  1 drivers
L_0x130078010 .functor BUFT 1, C4<0000>, C4<0>, C4<0>, C4<0>;
v0x1298a87e0_0 .net "B", 3 0, L_0x130078010;  1 drivers
v0x1298a8880_0 .net "Ci", 0 0, L_0x130078058;  1 drivers
v0x1298a8930_0 .net "Co", 0 0, L_0x1298c6f50;  1 drivers
v0x1298a89c0_0 .net "Cp", 0 0, L_0x1298c6560;  1 drivers
v0x1298a8aa0_0 .net "G", 3 0, L_0x1298c4640;  1 drivers
v0x1298a8b50_0 .net "P", 3 0, L_0x1298c52f0;  1 drivers
v0x1298a8c00_0 .net *"_ivl_1", 0 0, L_0x1298c3dc0;  1 drivers
v0x1298a8cb0_0 .net *"_ivl_101", 0 0, L_0x1298c6980;  1 drivers
v0x1298a8dc0_0 .net *"_ivl_103", 0 0, L_0x1298c6aa0;  1 drivers
v0x1298a8e70_0 .net *"_ivl_105", 0 0, L_0x1298c6820;  1 drivers
v0x1298a8f20_0 .net *"_ivl_109", 0 0, L_0x1298c6d60;  1 drivers
v0x1298a8fd0_0 .net *"_ivl_11", 0 0, L_0x1298c4160;  1 drivers
v0x1298a9080_0 .net *"_ivl_111", 0 0, L_0x1298c6b40;  1 drivers
v0x1298a9130_0 .net *"_ivl_114", 0 0, L_0x1298c7050;  1 drivers
v0x1298a91e0_0 .net *"_ivl_116", 0 0, L_0x1298c6e40;  1 drivers
v0x1298a9290_0 .net *"_ivl_119", 0 0, L_0x1298c7250;  1 drivers
v0x1298a9420_0 .net *"_ivl_121", 0 0, L_0x1298c7130;  1 drivers
v0x1298a94b0_0 .net *"_ivl_124", 0 0, L_0x1298c7460;  1 drivers
v0x1298a9560_0 .net *"_ivl_126", 0 0, L_0x1298c7540;  1 drivers
v0x1298a9610_0 .net *"_ivl_128", 0 0, L_0x1298c7330;  1 drivers
v0x1298a96c0_0 .net *"_ivl_13", 0 0, L_0x1298c4280;  1 drivers
v0x1298a9770_0 .net *"_ivl_131", 0 0, L_0x1298c73a0;  1 drivers
v0x1298a9820_0 .net *"_ivl_133", 0 0, L_0x1298c7720;  1 drivers
v0x1298a98d0_0 .net *"_ivl_135", 0 0, L_0x1298c75e0;  1 drivers
v0x1298a9980_0 .net *"_ivl_138", 0 0, L_0x1298c7650;  1 drivers
v0x1298a9a30_0 .net *"_ivl_140", 0 0, L_0x1298c7b50;  1 drivers
v0x1298a9ae0_0 .net *"_ivl_142", 0 0, L_0x1298c79e0;  1 drivers
v0x1298a9b90_0 .net *"_ivl_146", 0 0, L_0x1298c7d90;  1 drivers
v0x1298a9c40_0 .net *"_ivl_148", 0 0, L_0x1298c7bf0;  1 drivers
v0x1298a9cf0_0 .net *"_ivl_15", 0 0, L_0x1298c43a0;  1 drivers
v0x1298a9da0_0 .net *"_ivl_18", 0 0, L_0x1298c4450;  1 drivers
v0x1298a9e50_0 .net *"_ivl_20", 0 0, L_0x1298c4560;  1 drivers
v0x1298a9340_0 .net *"_ivl_22", 0 0, L_0x1298c47d0;  1 drivers
v0x1298aa0e0_0 .net *"_ivl_26", 0 0, L_0x1298c4880;  1 drivers
v0x1298aa170_0 .net *"_ivl_28", 0 0, L_0x1298c49e0;  1 drivers
v0x1298aa210_0 .net *"_ivl_30", 0 0, L_0x1298c4b50;  1 drivers
v0x1298aa2c0_0 .net *"_ivl_33", 0 0, L_0x1298c4bc0;  1 drivers
v0x1298aa370_0 .net *"_ivl_35", 0 0, L_0x1298c4ca0;  1 drivers
v0x1298aa420_0 .net *"_ivl_37", 0 0, L_0x1298c4de0;  1 drivers
v0x1298aa4d0_0 .net *"_ivl_4", 0 0, L_0x1298c3eb0;  1 drivers
v0x1298aa580_0 .net *"_ivl_40", 0 0, L_0x1298c4e50;  1 drivers
v0x1298aa630_0 .net *"_ivl_42", 0 0, L_0x1298c4ef0;  1 drivers
v0x1298aa6e0_0 .net *"_ivl_44", 0 0, L_0x1298c5040;  1 drivers
v0x1298aa790_0 .net *"_ivl_47", 0 0, L_0x1298c50b0;  1 drivers
v0x1298aa840_0 .net *"_ivl_49", 0 0, L_0x1298c5190;  1 drivers
v0x1298aa8f0_0 .net *"_ivl_51", 0 0, L_0x1298c5410;  1 drivers
v0x1298aa9a0_0 .net *"_ivl_55", 0 0, L_0x1298c54c0;  1 drivers
v0x1298aaa50_0 .net *"_ivl_57", 0 0, L_0x1298c5730;  1 drivers
v0x1298aab00_0 .net *"_ivl_59", 0 0, L_0x1298c5270;  1 drivers
v0x1298aabb0_0 .net *"_ivl_6", 0 0, L_0x1298c3f90;  1 drivers
v0x1298aac60_0 .net *"_ivl_62", 0 0, L_0x1298c58d0;  1 drivers
v0x1298aad10_0 .net *"_ivl_65", 0 0, L_0x1298c5940;  1 drivers
v0x1298aadc0_0 .net *"_ivl_67", 0 0, L_0x1298c5ac0;  1 drivers
v0x1298aae70_0 .net *"_ivl_69", 0 0, L_0x1298c56a0;  1 drivers
v0x1298aaf20_0 .net *"_ivl_72", 0 0, L_0x1298c5c20;  1 drivers
v0x1298aafd0_0 .net *"_ivl_74", 0 0, L_0x1298c5a20;  1 drivers
v0x1298ab080_0 .net *"_ivl_76", 0 0, L_0x1298c5df0;  1 drivers
v0x1298ab130_0 .net *"_ivl_79", 0 0, L_0x1298c5ea0;  1 drivers
v0x1298ab1e0_0 .net *"_ivl_8", 0 0, L_0x1298c4070;  1 drivers
v0x1298ab290_0 .net *"_ivl_81", 0 0, L_0x1298c6040;  1 drivers
v0x1298ab340_0 .net *"_ivl_83", 0 0, L_0x1298c5d40;  1 drivers
v0x1298ab3f0_0 .net *"_ivl_86", 0 0, L_0x1298c61b0;  1 drivers
v0x1298ab4a0_0 .net *"_ivl_88", 0 0, L_0x1298c6360;  1 drivers
v0x1298ab550_0 .net *"_ivl_90", 0 0, L_0x1298c5fc0;  1 drivers
v0x1298a9f00_0 .net *"_ivl_93", 0 0, L_0x1298c6400;  1 drivers
v0x1298a9fb0_0 .net *"_ivl_95", 0 0, L_0x1298c6640;  1 drivers
v0x1298ab5e0_0 .net *"_ivl_97", 0 0, L_0x1298c68d0;  1 drivers
v0x1298ab670_0 .net "carry", 3 0, L_0x1298c6290;  1 drivers
v0x1298ab700_0 .net "sum", 3 0, L_0x1298c7900;  1 drivers
v0x1298ab790_0 .net "temp", 3 0, L_0x1298c6c40;  1 drivers
L_0x1298c3eb0 .part L_0x1298c7fe0, 0, 1;
L_0x1298c3f90 .part L_0x130078010, 0, 1;
L_0x1298c4160 .part L_0x1298c7fe0, 1, 1;
L_0x1298c4280 .part L_0x130078010, 1, 1;
L_0x1298c4450 .part L_0x1298c7fe0, 2, 1;
L_0x1298c4560 .part L_0x130078010, 2, 1;
L_0x1298c4640 .concat8 [ 1 1 1 1], L_0x1298c3dc0, L_0x1298c4070, L_0x1298c43a0, L_0x1298c47d0;
L_0x1298c4880 .part L_0x1298c7fe0, 3, 1;
L_0x1298c49e0 .part L_0x130078010, 3, 1;
L_0x1298c4bc0 .part L_0x1298c7fe0, 0, 1;
L_0x1298c4ca0 .part L_0x130078010, 0, 1;
L_0x1298c4e50 .part L_0x1298c7fe0, 1, 1;
L_0x1298c4ef0 .part L_0x130078010, 1, 1;
L_0x1298c50b0 .part L_0x1298c7fe0, 2, 1;
L_0x1298c5190 .part L_0x130078010, 2, 1;
L_0x1298c52f0 .concat8 [ 1 1 1 1], L_0x1298c4b50, L_0x1298c4de0, L_0x1298c5040, L_0x1298c5410;
L_0x1298c54c0 .part L_0x1298c7fe0, 3, 1;
L_0x1298c5730 .part L_0x130078010, 3, 1;
L_0x1298c5940 .part L_0x1298c52f0, 0, 1;
L_0x1298c5ac0 .part L_0x1298c6290, 0, 1;
L_0x1298c5c20 .part L_0x1298c4640, 0, 1;
L_0x1298c5a20 .part L_0x1298c6c40, 0, 1;
L_0x1298c5ea0 .part L_0x1298c52f0, 1, 1;
L_0x1298c6040 .part L_0x1298c6290, 1, 1;
L_0x1298c61b0 .part L_0x1298c4640, 1, 1;
L_0x1298c6360 .part L_0x1298c6c40, 1, 1;
L_0x1298c6400 .part L_0x1298c52f0, 2, 1;
L_0x1298c6640 .part L_0x1298c6290, 2, 1;
L_0x1298c6290 .concat8 [ 1 1 1 1], L_0x1298c5270, L_0x1298c56a0, L_0x1298c5d40, L_0x1298c68d0;
L_0x1298c6980 .part L_0x1298c4640, 2, 1;
L_0x1298c6aa0 .part L_0x1298c6c40, 2, 1;
L_0x1298c6c40 .concat8 [ 1 1 1 1], L_0x1298c58d0, L_0x1298c5df0, L_0x1298c5fc0, L_0x1298c6820;
L_0x1298c6d60 .part L_0x1298c52f0, 2, 1;
L_0x1298c6b40 .part L_0x1298c6290, 2, 1;
L_0x1298c7050 .part L_0x1298c4640, 3, 1;
L_0x1298c6e40 .part L_0x1298c6c40, 3, 1;
L_0x1298c7250 .part L_0x1298c6290, 3, 1;
L_0x1298c7460 .part L_0x1298c52f0, 0, 1;
L_0x1298c7540 .part L_0x1298c6290, 0, 1;
L_0x1298c73a0 .part L_0x1298c52f0, 1, 1;
L_0x1298c7720 .part L_0x1298c6290, 1, 1;
L_0x1298c7650 .part L_0x1298c52f0, 2, 1;
L_0x1298c7b50 .part L_0x1298c6290, 2, 1;
L_0x1298c7900 .concat8 [ 1 1 1 1], L_0x1298c7130, L_0x1298c7330, L_0x1298c75e0, L_0x1298c79e0;
L_0x1298c7d90 .part L_0x1298c52f0, 3, 1;
L_0x1298c7bf0 .part L_0x1298c6290, 3, 1;
S_0x1298ab8b0 .scope module, "cla2" "CLA4" 3 21, 4 3 0, S_0x1298452c0;
 .timescale -9 -9;
    .port_info 0 /INPUT 4 "A";
    .port_info 1 /INPUT 4 "B";
    .port_info 2 /INPUT 1 "Ci";
    .port_info 3 /OUTPUT 4 "sum";
    .port_info 4 /OUTPUT 1 "Co";
    .port_info 5 /OUTPUT 1 "Cp";
L_0x1298c8080 .functor AND 1, L_0x1298c80f0, L_0x1298c81d0, C4<1>, C4<1>;
L_0x1298c82b0 .functor AND 1, L_0x1298c8380, L_0x1298c84a0, C4<1>, C4<1>;
L_0x1298c85c0 .functor AND 1, L_0x1298c8670, L_0x1298c8750, C4<1>, C4<1>;
L_0x1298c8a00 .functor AND 1, L_0x1298c8ab0, L_0x1298c8c10, C4<1>, C4<1>;
L_0x1298c8d80 .functor XOR 1, L_0x1298c8df0, L_0x1298c8e90, C4<0>, C4<0>;
L_0x1298c8fd0 .functor XOR 1, L_0x1298c9040, L_0x1298c9120, C4<0>, C4<0>;
L_0x1298c9270 .functor XOR 1, L_0x1298c92e0, L_0x1298c9380, C4<0>, C4<0>;
L_0x1298c9600 .functor XOR 1, L_0x1298c96b0, L_0x1298c9920, C4<0>, C4<0>;
L_0x1298c9460 .functor BUF 1, L_0x1298cc250, C4<0>, C4<0>, C4<0>;
L_0x1298c9ac0 .functor AND 1, L_0x1298c9b30, L_0x1298c9cb0, C4<1>, C4<1>;
L_0x1298c9890 .functor OR 1, L_0x1298c9df0, L_0x1298c9c10, C4<0>, C4<0>;
L_0x1298c9fc0 .functor AND 1, L_0x1298ca070, L_0x1298ca210, C4<1>, C4<1>;
L_0x1298c9f10 .functor OR 1, L_0x1298ca380, L_0x1298ca530, C4<0>, C4<0>;
L_0x1298ca190 .functor AND 1, L_0x1298ca5d0, L_0x1298ca810, C4<1>, C4<1>;
L_0x1298caaa0 .functor OR 1, L_0x1298cab50, L_0x1298cac70, C4<0>, C4<0>;
L_0x1298ca9b0 .functor AND 1, L_0x1298caf30, L_0x1298cad10, C4<1>, C4<1>;
L_0x1298cb0e0 .functor OR 1, L_0x1298cb1e0, L_0x1298cafd0, C4<0>, C4<0>;
L_0x1298ca730 .functor BUF 1, L_0x1298cb3e0, C4<0>, C4<0>, C4<0>;
L_0x1298cb2c0 .functor XOR 1, L_0x1298cb5f0, L_0x1298cb6d0, C4<0>, C4<0>;
L_0x1298cb4c0 .functor XOR 1, L_0x1298cb530, L_0x1298cb8f0, C4<0>, C4<0>;
L_0x1298cb770 .functor XOR 1, L_0x1298cb7e0, L_0x1298cbd20, C4<0>, C4<0>;
L_0x1298cbbb0 .functor XOR 1, L_0x1298cbf60, L_0x1298cbdc0, C4<0>, C4<0>;
v0x1298abab0_0 .net "A", 3 0, L_0x1298cc1b0;  1 drivers
L_0x1300780a0 .functor BUFT 1, C4<0000>, C4<0>, C4<0>, C4<0>;
v0x1298abb40_0 .net "B", 3 0, L_0x1300780a0;  1 drivers
v0x1298abbf0_0 .net "Ci", 0 0, L_0x1298cc250;  1 drivers
v0x1298abca0_0 .net "Co", 0 0, L_0x1298cb0e0;  1 drivers
v0x1298abd40_0 .net "Cp", 0 0, L_0x1298ca730;  1 drivers
v0x1298abe20_0 .net "G", 3 0, L_0x1298c8830;  1 drivers
v0x1298abed0_0 .net "P", 3 0, L_0x1298c94e0;  1 drivers
v0x1298abf80_0 .net *"_ivl_1", 0 0, L_0x1298c8080;  1 drivers
v0x1298ac030_0 .net *"_ivl_101", 0 0, L_0x1298cab50;  1 drivers
v0x1298ac140_0 .net *"_ivl_103", 0 0, L_0x1298cac70;  1 drivers
v0x1298ac1f0_0 .net *"_ivl_105", 0 0, L_0x1298ca9b0;  1 drivers
v0x1298ac2a0_0 .net *"_ivl_109", 0 0, L_0x1298caf30;  1 drivers
v0x1298ac350_0 .net *"_ivl_11", 0 0, L_0x1298c8380;  1 drivers
v0x1298ac400_0 .net *"_ivl_111", 0 0, L_0x1298cad10;  1 drivers
v0x1298ac4b0_0 .net *"_ivl_114", 0 0, L_0x1298cb1e0;  1 drivers
v0x1298ac560_0 .net *"_ivl_116", 0 0, L_0x1298cafd0;  1 drivers
v0x1298ac610_0 .net *"_ivl_119", 0 0, L_0x1298cb3e0;  1 drivers
v0x1298ac7a0_0 .net *"_ivl_121", 0 0, L_0x1298cb2c0;  1 drivers
v0x1298ac830_0 .net *"_ivl_124", 0 0, L_0x1298cb5f0;  1 drivers
v0x1298ac8e0_0 .net *"_ivl_126", 0 0, L_0x1298cb6d0;  1 drivers
v0x1298ac990_0 .net *"_ivl_128", 0 0, L_0x1298cb4c0;  1 drivers
v0x1298aca40_0 .net *"_ivl_13", 0 0, L_0x1298c84a0;  1 drivers
v0x1298acaf0_0 .net *"_ivl_131", 0 0, L_0x1298cb530;  1 drivers
v0x1298acba0_0 .net *"_ivl_133", 0 0, L_0x1298cb8f0;  1 drivers
v0x1298acc50_0 .net *"_ivl_135", 0 0, L_0x1298cb770;  1 drivers
v0x1298acd00_0 .net *"_ivl_138", 0 0, L_0x1298cb7e0;  1 drivers
v0x1298acdb0_0 .net *"_ivl_140", 0 0, L_0x1298cbd20;  1 drivers
v0x1298ace60_0 .net *"_ivl_142", 0 0, L_0x1298cbbb0;  1 drivers
v0x1298acf10_0 .net *"_ivl_146", 0 0, L_0x1298cbf60;  1 drivers
v0x1298acfc0_0 .net *"_ivl_148", 0 0, L_0x1298cbdc0;  1 drivers
v0x1298ad070_0 .net *"_ivl_15", 0 0, L_0x1298c85c0;  1 drivers
v0x1298ad120_0 .net *"_ivl_18", 0 0, L_0x1298c8670;  1 drivers
v0x1298ad1d0_0 .net *"_ivl_20", 0 0, L_0x1298c8750;  1 drivers
v0x1298ac6c0_0 .net *"_ivl_22", 0 0, L_0x1298c8a00;  1 drivers
v0x1298ad460_0 .net *"_ivl_26", 0 0, L_0x1298c8ab0;  1 drivers
v0x1298ad4f0_0 .net *"_ivl_28", 0 0, L_0x1298c8c10;  1 drivers
v0x1298ad590_0 .net *"_ivl_30", 0 0, L_0x1298c8d80;  1 drivers
v0x1298ad640_0 .net *"_ivl_33", 0 0, L_0x1298c8df0;  1 drivers
v0x1298ad6f0_0 .net *"_ivl_35", 0 0, L_0x1298c8e90;  1 drivers
v0x1298ad7a0_0 .net *"_ivl_37", 0 0, L_0x1298c8fd0;  1 drivers
v0x1298ad850_0 .net *"_ivl_4", 0 0, L_0x1298c80f0;  1 drivers
v0x1298ad900_0 .net *"_ivl_40", 0 0, L_0x1298c9040;  1 drivers
v0x1298ad9b0_0 .net *"_ivl_42", 0 0, L_0x1298c9120;  1 drivers
v0x1298ada60_0 .net *"_ivl_44", 0 0, L_0x1298c9270;  1 drivers
v0x1298adb10_0 .net *"_ivl_47", 0 0, L_0x1298c92e0;  1 drivers
v0x1298adbc0_0 .net *"_ivl_49", 0 0, L_0x1298c9380;  1 drivers
v0x1298adc70_0 .net *"_ivl_51", 0 0, L_0x1298c9600;  1 drivers
v0x1298add20_0 .net *"_ivl_55", 0 0, L_0x1298c96b0;  1 drivers
v0x1298addd0_0 .net *"_ivl_57", 0 0, L_0x1298c9920;  1 drivers
v0x1298ade80_0 .net *"_ivl_59", 0 0, L_0x1298c9460;  1 drivers
v0x1298adf30_0 .net *"_ivl_6", 0 0, L_0x1298c81d0;  1 drivers
v0x1298adfe0_0 .net *"_ivl_62", 0 0, L_0x1298c9ac0;  1 drivers
v0x1298ae090_0 .net *"_ivl_65", 0 0, L_0x1298c9b30;  1 drivers
v0x1298ae140_0 .net *"_ivl_67", 0 0, L_0x1298c9cb0;  1 drivers
v0x1298ae1f0_0 .net *"_ivl_69", 0 0, L_0x1298c9890;  1 drivers
v0x1298ae2a0_0 .net *"_ivl_72", 0 0, L_0x1298c9df0;  1 drivers
v0x1298ae350_0 .net *"_ivl_74", 0 0, L_0x1298c9c10;  1 drivers
v0x1298ae400_0 .net *"_ivl_76", 0 0, L_0x1298c9fc0;  1 drivers
v0x1298ae4b0_0 .net *"_ivl_79", 0 0, L_0x1298ca070;  1 drivers
v0x1298ae560_0 .net *"_ivl_8", 0 0, L_0x1298c82b0;  1 drivers
v0x1298ae610_0 .net *"_ivl_81", 0 0, L_0x1298ca210;  1 drivers
v0x1298ae6c0_0 .net *"_ivl_83", 0 0, L_0x1298c9f10;  1 drivers
v0x1298ae770_0 .net *"_ivl_86", 0 0, L_0x1298ca380;  1 drivers
v0x1298ae820_0 .net *"_ivl_88", 0 0, L_0x1298ca530;  1 drivers
v0x1298ae8d0_0 .net *"_ivl_90", 0 0, L_0x1298ca190;  1 drivers
v0x1298ad280_0 .net *"_ivl_93", 0 0, L_0x1298ca5d0;  1 drivers
v0x1298ad330_0 .net *"_ivl_95", 0 0, L_0x1298ca810;  1 drivers
v0x1298ae960_0 .net *"_ivl_97", 0 0, L_0x1298caaa0;  1 drivers
v0x1298ae9f0_0 .net "carry", 3 0, L_0x1298ca460;  1 drivers
v0x1298aea80_0 .net "sum", 3 0, L_0x1298cbad0;  1 drivers
v0x1298aeb10_0 .net "temp", 3 0, L_0x1298cae10;  1 drivers
L_0x1298c80f0 .part L_0x1298cc1b0, 0, 1;
L_0x1298c81d0 .part L_0x1300780a0, 0, 1;
L_0x1298c8380 .part L_0x1298cc1b0, 1, 1;
L_0x1298c84a0 .part L_0x1300780a0, 1, 1;
L_0x1298c8670 .part L_0x1298cc1b0, 2, 1;
L_0x1298c8750 .part L_0x1300780a0, 2, 1;
L_0x1298c8830 .concat8 [ 1 1 1 1], L_0x1298c8080, L_0x1298c82b0, L_0x1298c85c0, L_0x1298c8a00;
L_0x1298c8ab0 .part L_0x1298cc1b0, 3, 1;
L_0x1298c8c10 .part L_0x1300780a0, 3, 1;
L_0x1298c8df0 .part L_0x1298cc1b0, 0, 1;
L_0x1298c8e90 .part L_0x1300780a0, 0, 1;
L_0x1298c9040 .part L_0x1298cc1b0, 1, 1;
L_0x1298c9120 .part L_0x1300780a0, 1, 1;
L_0x1298c92e0 .part L_0x1298cc1b0, 2, 1;
L_0x1298c9380 .part L_0x1300780a0, 2, 1;
L_0x1298c94e0 .concat8 [ 1 1 1 1], L_0x1298c8d80, L_0x1298c8fd0, L_0x1298c9270, L_0x1298c9600;
L_0x1298c96b0 .part L_0x1298cc1b0, 3, 1;
L_0x1298c9920 .part L_0x1300780a0, 3, 1;
L_0x1298c9b30 .part L_0x1298c94e0, 0, 1;
L_0x1298c9cb0 .part L_0x1298ca460, 0, 1;
L_0x1298c9df0 .part L_0x1298c8830, 0, 1;
L_0x1298c9c10 .part L_0x1298cae10, 0, 1;
L_0x1298ca070 .part L_0x1298c94e0, 1, 1;
L_0x1298ca210 .part L_0x1298ca460, 1, 1;
L_0x1298ca380 .part L_0x1298c8830, 1, 1;
L_0x1298ca530 .part L_0x1298cae10, 1, 1;
L_0x1298ca5d0 .part L_0x1298c94e0, 2, 1;
L_0x1298ca810 .part L_0x1298ca460, 2, 1;
L_0x1298ca460 .concat8 [ 1 1 1 1], L_0x1298c9460, L_0x1298c9890, L_0x1298c9f10, L_0x1298caaa0;
L_0x1298cab50 .part L_0x1298c8830, 2, 1;
L_0x1298cac70 .part L_0x1298cae10, 2, 1;
L_0x1298cae10 .concat8 [ 1 1 1 1], L_0x1298c9ac0, L_0x1298c9fc0, L_0x1298ca190, L_0x1298ca9b0;
L_0x1298caf30 .part L_0x1298c94e0, 2, 1;
L_0x1298cad10 .part L_0x1298ca460, 2, 1;
L_0x1298cb1e0 .part L_0x1298c8830, 3, 1;
L_0x1298cafd0 .part L_0x1298cae10, 3, 1;
L_0x1298cb3e0 .part L_0x1298ca460, 3, 1;
L_0x1298cb5f0 .part L_0x1298c94e0, 0, 1;
L_0x1298cb6d0 .part L_0x1298ca460, 0, 1;
L_0x1298cb530 .part L_0x1298c94e0, 1, 1;
L_0x1298cb8f0 .part L_0x1298ca460, 1, 1;
L_0x1298cb7e0 .part L_0x1298c94e0, 2, 1;
L_0x1298cbd20 .part L_0x1298ca460, 2, 1;
L_0x1298cbad0 .concat8 [ 1 1 1 1], L_0x1298cb2c0, L_0x1298cb4c0, L_0x1298cb770, L_0x1298cbbb0;
L_0x1298cbf60 .part L_0x1298c94e0, 3, 1;
L_0x1298cbdc0 .part L_0x1298ca460, 3, 1;
S_0x1298aec30 .scope module, "cla3" "CLA4" 3 22, 4 3 0, S_0x1298452c0;
 .timescale -9 -9;
    .port_info 0 /INPUT 4 "A";
    .port_info 1 /INPUT 4 "B";
    .port_info 2 /INPUT 1 "Ci";
    .port_info 3 /OUTPUT 4 "sum";
    .port_info 4 /OUTPUT 1 "Co";
    .port_info 5 /OUTPUT 1 "Cp";
L_0x1298cc2f0 .functor AND 1, L_0x1298cc380, L_0x1298cc460, C4<1>, C4<1>;
L_0x1298cc540 .functor AND 1, L_0x1298cc630, L_0x1298cc750, C4<1>, C4<1>;
L_0x1298cc870 .functor AND 1, L_0x1298cc920, L_0x1298cca30, C4<1>, C4<1>;
L_0x1298ccca0 .functor AND 1, L_0x1298ccd50, L_0x1298cceb0, C4<1>, C4<1>;
L_0x1298cd020 .functor XOR 1, L_0x1298cd090, L_0x1298cd170, C4<0>, C4<0>;
L_0x1298cd2b0 .functor XOR 1, L_0x1298cd320, L_0x1298cd3c0, C4<0>, C4<0>;
L_0x1298cd510 .functor XOR 1, L_0x1298cd580, L_0x1298cd660, C4<0>, C4<0>;
L_0x1298cd8e0 .functor XOR 1, L_0x1298cd990, L_0x1298cdc00, C4<0>, C4<0>;
L_0x1298cd740 .functor BUF 1, L_0x1298d0530, C4<0>, C4<0>, C4<0>;
L_0x1298cdda0 .functor AND 1, L_0x1298cde10, L_0x1298cdf90, C4<1>, C4<1>;
L_0x1298cdb70 .functor OR 1, L_0x1298ce0d0, L_0x1298cdef0, C4<0>, C4<0>;
L_0x1298ce2a0 .functor AND 1, L_0x1298ce350, L_0x1298ce4f0, C4<1>, C4<1>;
L_0x1298ce1f0 .functor OR 1, L_0x1298ce660, L_0x1298ce810, C4<0>, C4<0>;
L_0x1298ce470 .functor AND 1, L_0x1298ce8b0, L_0x1298ceaf0, C4<1>, C4<1>;
L_0x1298ced80 .functor OR 1, L_0x1298cee30, L_0x1298cef50, C4<0>, C4<0>;
L_0x1298cec90 .functor AND 1, L_0x1298cf210, L_0x1298ceff0, C4<1>, C4<1>;
L_0x1298cf3c0 .functor OR 1, L_0x1298cf4c0, L_0x1298cf2b0, C4<0>, C4<0>;
L_0x1298cea10 .functor BUF 1, L_0x1298cf6c0, C4<0>, C4<0>, C4<0>;
L_0x1298cf5a0 .functor XOR 1, L_0x1298cf8d0, L_0x1298cf9b0, C4<0>, C4<0>;
L_0x1298cf7a0 .functor XOR 1, L_0x1298cf810, L_0x1298cfbd0, C4<0>, C4<0>;
L_0x1298cfa50 .functor XOR 1, L_0x1298cfac0, L_0x1298d0000, C4<0>, C4<0>;
L_0x1298cfe90 .functor XOR 1, L_0x1298d0240, L_0x1298d00a0, C4<0>, C4<0>;
v0x1298aee30_0 .net "A", 3 0, L_0x1298d0490;  1 drivers
L_0x1300780e8 .functor BUFT 1, C4<0000>, C4<0>, C4<0>, C4<0>;
v0x1298aeed0_0 .net "B", 3 0, L_0x1300780e8;  1 drivers
v0x1298aef80_0 .net "Ci", 0 0, L_0x1298d0530;  1 drivers
v0x1298af030_0 .net "Co", 0 0, L_0x1298cf3c0;  1 drivers
v0x1298af0d0_0 .net "Cp", 0 0, L_0x1298cea10;  1 drivers
v0x1298af1b0_0 .net "G", 3 0, L_0x1298ccb10;  1 drivers
v0x1298af260_0 .net "P", 3 0, L_0x1298cd7c0;  1 drivers
v0x1298af310_0 .net *"_ivl_1", 0 0, L_0x1298cc2f0;  1 drivers
v0x1298af3c0_0 .net *"_ivl_101", 0 0, L_0x1298cee30;  1 drivers
v0x1298af4d0_0 .net *"_ivl_103", 0 0, L_0x1298cef50;  1 drivers
v0x1298af580_0 .net *"_ivl_105", 0 0, L_0x1298cec90;  1 drivers
v0x1298af630_0 .net *"_ivl_109", 0 0, L_0x1298cf210;  1 drivers
v0x1298af6e0_0 .net *"_ivl_11", 0 0, L_0x1298cc630;  1 drivers
v0x1298af790_0 .net *"_ivl_111", 0 0, L_0x1298ceff0;  1 drivers
v0x1298af840_0 .net *"_ivl_114", 0 0, L_0x1298cf4c0;  1 drivers
v0x1298af8f0_0 .net *"_ivl_116", 0 0, L_0x1298cf2b0;  1 drivers
v0x1298af9a0_0 .net *"_ivl_119", 0 0, L_0x1298cf6c0;  1 drivers
v0x1298afb30_0 .net *"_ivl_121", 0 0, L_0x1298cf5a0;  1 drivers
v0x1298afbc0_0 .net *"_ivl_124", 0 0, L_0x1298cf8d0;  1 drivers
v0x1298afc70_0 .net *"_ivl_126", 0 0, L_0x1298cf9b0;  1 drivers
v0x1298afd20_0 .net *"_ivl_128", 0 0, L_0x1298cf7a0;  1 drivers
v0x1298afdd0_0 .net *"_ivl_13", 0 0, L_0x1298cc750;  1 drivers
v0x1298afe80_0 .net *"_ivl_131", 0 0, L_0x1298cf810;  1 drivers
v0x1298aff30_0 .net *"_ivl_133", 0 0, L_0x1298cfbd0;  1 drivers
v0x1298affe0_0 .net *"_ivl_135", 0 0, L_0x1298cfa50;  1 drivers
v0x1298b0090_0 .net *"_ivl_138", 0 0, L_0x1298cfac0;  1 drivers
v0x1298b0140_0 .net *"_ivl_140", 0 0, L_0x1298d0000;  1 drivers
v0x1298b01f0_0 .net *"_ivl_142", 0 0, L_0x1298cfe90;  1 drivers
v0x1298b02a0_0 .net *"_ivl_146", 0 0, L_0x1298d0240;  1 drivers
v0x1298b0350_0 .net *"_ivl_148", 0 0, L_0x1298d00a0;  1 drivers
v0x1298b0400_0 .net *"_ivl_15", 0 0, L_0x1298cc870;  1 drivers
v0x1298b04b0_0 .net *"_ivl_18", 0 0, L_0x1298cc920;  1 drivers
v0x1298b0560_0 .net *"_ivl_20", 0 0, L_0x1298cca30;  1 drivers
v0x1298afa50_0 .net *"_ivl_22", 0 0, L_0x1298ccca0;  1 drivers
v0x1298b07f0_0 .net *"_ivl_26", 0 0, L_0x1298ccd50;  1 drivers
v0x1298b0880_0 .net *"_ivl_28", 0 0, L_0x1298cceb0;  1 drivers
v0x1298b0920_0 .net *"_ivl_30", 0 0, L_0x1298cd020;  1 drivers
v0x1298b09d0_0 .net *"_ivl_33", 0 0, L_0x1298cd090;  1 drivers
v0x1298b0a80_0 .net *"_ivl_35", 0 0, L_0x1298cd170;  1 drivers
v0x1298b0b30_0 .net *"_ivl_37", 0 0, L_0x1298cd2b0;  1 drivers
v0x1298b0be0_0 .net *"_ivl_4", 0 0, L_0x1298cc380;  1 drivers
v0x1298b0c90_0 .net *"_ivl_40", 0 0, L_0x1298cd320;  1 drivers
v0x1298b0d40_0 .net *"_ivl_42", 0 0, L_0x1298cd3c0;  1 drivers
v0x1298b0df0_0 .net *"_ivl_44", 0 0, L_0x1298cd510;  1 drivers
v0x1298b0ea0_0 .net *"_ivl_47", 0 0, L_0x1298cd580;  1 drivers
v0x1298b0f50_0 .net *"_ivl_49", 0 0, L_0x1298cd660;  1 drivers
v0x1298b1000_0 .net *"_ivl_51", 0 0, L_0x1298cd8e0;  1 drivers
v0x1298b10b0_0 .net *"_ivl_55", 0 0, L_0x1298cd990;  1 drivers
v0x1298b1160_0 .net *"_ivl_57", 0 0, L_0x1298cdc00;  1 drivers
v0x1298b1210_0 .net *"_ivl_59", 0 0, L_0x1298cd740;  1 drivers
v0x1298b12c0_0 .net *"_ivl_6", 0 0, L_0x1298cc460;  1 drivers
v0x1298b1370_0 .net *"_ivl_62", 0 0, L_0x1298cdda0;  1 drivers
v0x1298b1420_0 .net *"_ivl_65", 0 0, L_0x1298cde10;  1 drivers
v0x1298b14d0_0 .net *"_ivl_67", 0 0, L_0x1298cdf90;  1 drivers
v0x1298b1580_0 .net *"_ivl_69", 0 0, L_0x1298cdb70;  1 drivers
v0x1298b1630_0 .net *"_ivl_72", 0 0, L_0x1298ce0d0;  1 drivers
v0x1298b16e0_0 .net *"_ivl_74", 0 0, L_0x1298cdef0;  1 drivers
v0x1298b1790_0 .net *"_ivl_76", 0 0, L_0x1298ce2a0;  1 drivers
v0x1298b1840_0 .net *"_ivl_79", 0 0, L_0x1298ce350;  1 drivers
v0x1298b18f0_0 .net *"_ivl_8", 0 0, L_0x1298cc540;  1 drivers
v0x1298b19a0_0 .net *"_ivl_81", 0 0, L_0x1298ce4f0;  1 drivers
v0x1298b1a50_0 .net *"_ivl_83", 0 0, L_0x1298ce1f0;  1 drivers
v0x1298b1b00_0 .net *"_ivl_86", 0 0, L_0x1298ce660;  1 drivers
v0x1298b1bb0_0 .net *"_ivl_88", 0 0, L_0x1298ce810;  1 drivers
v0x1298b1c60_0 .net *"_ivl_90", 0 0, L_0x1298ce470;  1 drivers
v0x1298b0610_0 .net *"_ivl_93", 0 0, L_0x1298ce8b0;  1 drivers
v0x1298b06c0_0 .net *"_ivl_95", 0 0, L_0x1298ceaf0;  1 drivers
v0x1298b1cf0_0 .net *"_ivl_97", 0 0, L_0x1298ced80;  1 drivers
v0x1298b1d80_0 .net "carry", 3 0, L_0x1298ce740;  1 drivers
v0x1298b1e10_0 .net "sum", 3 0, L_0x1298cfdb0;  1 drivers
v0x1298b1ea0_0 .net "temp", 3 0, L_0x1298cf0f0;  1 drivers
L_0x1298cc380 .part L_0x1298d0490, 0, 1;
L_0x1298cc460 .part L_0x1300780e8, 0, 1;
L_0x1298cc630 .part L_0x1298d0490, 1, 1;
L_0x1298cc750 .part L_0x1300780e8, 1, 1;
L_0x1298cc920 .part L_0x1298d0490, 2, 1;
L_0x1298cca30 .part L_0x1300780e8, 2, 1;
L_0x1298ccb10 .concat8 [ 1 1 1 1], L_0x1298cc2f0, L_0x1298cc540, L_0x1298cc870, L_0x1298ccca0;
L_0x1298ccd50 .part L_0x1298d0490, 3, 1;
L_0x1298cceb0 .part L_0x1300780e8, 3, 1;
L_0x1298cd090 .part L_0x1298d0490, 0, 1;
L_0x1298cd170 .part L_0x1300780e8, 0, 1;
L_0x1298cd320 .part L_0x1298d0490, 1, 1;
L_0x1298cd3c0 .part L_0x1300780e8, 1, 1;
L_0x1298cd580 .part L_0x1298d0490, 2, 1;
L_0x1298cd660 .part L_0x1300780e8, 2, 1;
L_0x1298cd7c0 .concat8 [ 1 1 1 1], L_0x1298cd020, L_0x1298cd2b0, L_0x1298cd510, L_0x1298cd8e0;
L_0x1298cd990 .part L_0x1298d0490, 3, 1;
L_0x1298cdc00 .part L_0x1300780e8, 3, 1;
L_0x1298cde10 .part L_0x1298cd7c0, 0, 1;
L_0x1298cdf90 .part L_0x1298ce740, 0, 1;
L_0x1298ce0d0 .part L_0x1298ccb10, 0, 1;
L_0x1298cdef0 .part L_0x1298cf0f0, 0, 1;
L_0x1298ce350 .part L_0x1298cd7c0, 1, 1;
L_0x1298ce4f0 .part L_0x1298ce740, 1, 1;
L_0x1298ce660 .part L_0x1298ccb10, 1, 1;
L_0x1298ce810 .part L_0x1298cf0f0, 1, 1;
L_0x1298ce8b0 .part L_0x1298cd7c0, 2, 1;
L_0x1298ceaf0 .part L_0x1298ce740, 2, 1;
L_0x1298ce740 .concat8 [ 1 1 1 1], L_0x1298cd740, L_0x1298cdb70, L_0x1298ce1f0, L_0x1298ced80;
L_0x1298cee30 .part L_0x1298ccb10, 2, 1;
L_0x1298cef50 .part L_0x1298cf0f0, 2, 1;
L_0x1298cf0f0 .concat8 [ 1 1 1 1], L_0x1298cdda0, L_0x1298ce2a0, L_0x1298ce470, L_0x1298cec90;
L_0x1298cf210 .part L_0x1298cd7c0, 2, 1;
L_0x1298ceff0 .part L_0x1298ce740, 2, 1;
L_0x1298cf4c0 .part L_0x1298ccb10, 3, 1;
L_0x1298cf2b0 .part L_0x1298cf0f0, 3, 1;
L_0x1298cf6c0 .part L_0x1298ce740, 3, 1;
L_0x1298cf8d0 .part L_0x1298cd7c0, 0, 1;
L_0x1298cf9b0 .part L_0x1298ce740, 0, 1;
L_0x1298cf810 .part L_0x1298cd7c0, 1, 1;
L_0x1298cfbd0 .part L_0x1298ce740, 1, 1;
L_0x1298cfac0 .part L_0x1298cd7c0, 2, 1;
L_0x1298d0000 .part L_0x1298ce740, 2, 1;
L_0x1298cfdb0 .concat8 [ 1 1 1 1], L_0x1298cf5a0, L_0x1298cf7a0, L_0x1298cfa50, L_0x1298cfe90;
L_0x1298d0240 .part L_0x1298cd7c0, 3, 1;
L_0x1298d00a0 .part L_0x1298ce740, 3, 1;
S_0x1298b1fc0 .scope module, "cla4" "CLA4" 3 23, 4 3 0, S_0x1298452c0;
 .timescale -9 -9;
    .port_info 0 /INPUT 4 "A";
    .port_info 1 /INPUT 4 "B";
    .port_info 2 /INPUT 1 "Ci";
    .port_info 3 /OUTPUT 4 "sum";
    .port_info 4 /OUTPUT 1 "Co";
    .port_info 5 /OUTPUT 1 "Cp";
L_0x1298d07b0 .functor AND 1, L_0x1298d0820, L_0x1298d0900, C4<1>, C4<1>;
L_0x1298d09e0 .functor AND 1, L_0x1298d0a50, L_0x1298d0b70, C4<1>, C4<1>;
L_0x1298d0c90 .functor AND 1, L_0x1298d0d40, L_0x1298d0e50, C4<1>, C4<1>;
L_0x1298d10d0 .functor AND 1, L_0x1298d1180, L_0x1298d12e0, C4<1>, C4<1>;
L_0x1298d1450 .functor XOR 1, L_0x1298d14c0, L_0x1298d1560, C4<0>, C4<0>;
L_0x1298d16a0 .functor XOR 1, L_0x1298d1710, L_0x1298d17f0, C4<0>, C4<0>;
L_0x1298d1940 .functor XOR 1, L_0x1298d19b0, L_0x1298d1a50, C4<0>, C4<0>;
L_0x1298d1cd0 .functor XOR 1, L_0x1298d1d80, L_0x1298d1ff0, C4<0>, C4<0>;
L_0x1298d1b30 .functor BUF 1, L_0x1298d4920, C4<0>, C4<0>, C4<0>;
L_0x1298d2190 .functor AND 1, L_0x1298d2200, L_0x1298d2380, C4<1>, C4<1>;
L_0x1298d1f60 .functor OR 1, L_0x1298d24c0, L_0x1298d22e0, C4<0>, C4<0>;
L_0x1298d2690 .functor AND 1, L_0x1298d2740, L_0x1298d28e0, C4<1>, C4<1>;
L_0x1298d25e0 .functor OR 1, L_0x1298d2a50, L_0x1298d2c00, C4<0>, C4<0>;
L_0x1298d2860 .functor AND 1, L_0x1298d2ca0, L_0x1298d2ee0, C4<1>, C4<1>;
L_0x1298d3170 .functor OR 1, L_0x1298d3220, L_0x1298d3340, C4<0>, C4<0>;
L_0x1298d3080 .functor AND 1, L_0x1298d3600, L_0x1298d33e0, C4<1>, C4<1>;
L_0x1298d37b0 .functor OR 1, L_0x1298d38f0, L_0x1298d36a0, C4<0>, C4<0>;
L_0x1298d2e00 .functor BUF 1, L_0x1298d3af0, C4<0>, C4<0>, C4<0>;
L_0x1298d39d0 .functor XOR 1, L_0x1298d3d00, L_0x1298d3de0, C4<0>, C4<0>;
L_0x1298d3bd0 .functor XOR 1, L_0x1298d3c40, L_0x1298d3fc0, C4<0>, C4<0>;
L_0x1298d3e80 .functor XOR 1, L_0x1298d3ef0, L_0x1298d43f0, C4<0>, C4<0>;
L_0x1298d4280 .functor XOR 1, L_0x1298d4630, L_0x1298d4490, C4<0>, C4<0>;
v0x1298b21c0_0 .net "A", 3 0, L_0x1298d4880;  1 drivers
L_0x130078130 .functor BUFT 1, C4<0000>, C4<0>, C4<0>, C4<0>;
v0x1298b2250_0 .net "B", 3 0, L_0x130078130;  1 drivers
v0x1298b2300_0 .net "Ci", 0 0, L_0x1298d4920;  1 drivers
v0x1298b23b0_0 .net "Co", 0 0, L_0x1298d37b0;  alias, 1 drivers
v0x1298b2450_0 .net "Cp", 0 0, L_0x1298d2e00;  1 drivers
v0x1298b2530_0 .net "G", 3 0, L_0x1298d0f30;  1 drivers
v0x1298b25e0_0 .net "P", 3 0, L_0x1298d1bb0;  1 drivers
v0x1298b2690_0 .net *"_ivl_1", 0 0, L_0x1298d07b0;  1 drivers
v0x1298b2740_0 .net *"_ivl_101", 0 0, L_0x1298d3220;  1 drivers
v0x1298b2850_0 .net *"_ivl_103", 0 0, L_0x1298d3340;  1 drivers
v0x1298b2900_0 .net *"_ivl_105", 0 0, L_0x1298d3080;  1 drivers
v0x1298b29b0_0 .net *"_ivl_109", 0 0, L_0x1298d3600;  1 drivers
v0x1298b2a60_0 .net *"_ivl_11", 0 0, L_0x1298d0a50;  1 drivers
v0x1298b2b10_0 .net *"_ivl_111", 0 0, L_0x1298d33e0;  1 drivers
v0x1298b2bc0_0 .net *"_ivl_114", 0 0, L_0x1298d38f0;  1 drivers
v0x1298b2c70_0 .net *"_ivl_116", 0 0, L_0x1298d36a0;  1 drivers
v0x1298b2d20_0 .net *"_ivl_119", 0 0, L_0x1298d3af0;  1 drivers
v0x1298b2eb0_0 .net *"_ivl_121", 0 0, L_0x1298d39d0;  1 drivers
v0x1298b2f40_0 .net *"_ivl_124", 0 0, L_0x1298d3d00;  1 drivers
v0x1298b2ff0_0 .net *"_ivl_126", 0 0, L_0x1298d3de0;  1 drivers
v0x1298b30a0_0 .net *"_ivl_128", 0 0, L_0x1298d3bd0;  1 drivers
v0x1298b3150_0 .net *"_ivl_13", 0 0, L_0x1298d0b70;  1 drivers
v0x1298b3200_0 .net *"_ivl_131", 0 0, L_0x1298d3c40;  1 drivers
v0x1298b32b0_0 .net *"_ivl_133", 0 0, L_0x1298d3fc0;  1 drivers
v0x1298b3360_0 .net *"_ivl_135", 0 0, L_0x1298d3e80;  1 drivers
v0x1298b3410_0 .net *"_ivl_138", 0 0, L_0x1298d3ef0;  1 drivers
v0x1298b34c0_0 .net *"_ivl_140", 0 0, L_0x1298d43f0;  1 drivers
v0x1298b3570_0 .net *"_ivl_142", 0 0, L_0x1298d4280;  1 drivers
v0x1298b3620_0 .net *"_ivl_146", 0 0, L_0x1298d4630;  1 drivers
v0x1298b36d0_0 .net *"_ivl_148", 0 0, L_0x1298d4490;  1 drivers
v0x1298b3780_0 .net *"_ivl_15", 0 0, L_0x1298d0c90;  1 drivers
v0x1298b3830_0 .net *"_ivl_18", 0 0, L_0x1298d0d40;  1 drivers
v0x1298b38e0_0 .net *"_ivl_20", 0 0, L_0x1298d0e50;  1 drivers
v0x1298b2dd0_0 .net *"_ivl_22", 0 0, L_0x1298d10d0;  1 drivers
v0x1298b3b70_0 .net *"_ivl_26", 0 0, L_0x1298d1180;  1 drivers
v0x1298b3c00_0 .net *"_ivl_28", 0 0, L_0x1298d12e0;  1 drivers
v0x1298b3ca0_0 .net *"_ivl_30", 0 0, L_0x1298d1450;  1 drivers
v0x1298b3d50_0 .net *"_ivl_33", 0 0, L_0x1298d14c0;  1 drivers
v0x1298b3e00_0 .net *"_ivl_35", 0 0, L_0x1298d1560;  1 drivers
v0x1298b3eb0_0 .net *"_ivl_37", 0 0, L_0x1298d16a0;  1 drivers
v0x1298b3f60_0 .net *"_ivl_4", 0 0, L_0x1298d0820;  1 drivers
v0x1298b4010_0 .net *"_ivl_40", 0 0, L_0x1298d1710;  1 drivers
v0x1298b40c0_0 .net *"_ivl_42", 0 0, L_0x1298d17f0;  1 drivers
v0x1298b4170_0 .net *"_ivl_44", 0 0, L_0x1298d1940;  1 drivers
v0x1298b4220_0 .net *"_ivl_47", 0 0, L_0x1298d19b0;  1 drivers
v0x1298b42d0_0 .net *"_ivl_49", 0 0, L_0x1298d1a50;  1 drivers
v0x1298b4380_0 .net *"_ivl_51", 0 0, L_0x1298d1cd0;  1 drivers
v0x1298b4430_0 .net *"_ivl_55", 0 0, L_0x1298d1d80;  1 drivers
v0x1298b44e0_0 .net *"_ivl_57", 0 0, L_0x1298d1ff0;  1 drivers
v0x1298b4590_0 .net *"_ivl_59", 0 0, L_0x1298d1b30;  1 drivers
v0x1298b4640_0 .net *"_ivl_6", 0 0, L_0x1298d0900;  1 drivers
v0x1298b46f0_0 .net *"_ivl_62", 0 0, L_0x1298d2190;  1 drivers
v0x1298b47a0_0 .net *"_ivl_65", 0 0, L_0x1298d2200;  1 drivers
v0x1298b4850_0 .net *"_ivl_67", 0 0, L_0x1298d2380;  1 drivers
v0x1298b4900_0 .net *"_ivl_69", 0 0, L_0x1298d1f60;  1 drivers
v0x1298b49b0_0 .net *"_ivl_72", 0 0, L_0x1298d24c0;  1 drivers
v0x1298b4a60_0 .net *"_ivl_74", 0 0, L_0x1298d22e0;  1 drivers
v0x1298b4b10_0 .net *"_ivl_76", 0 0, L_0x1298d2690;  1 drivers
v0x1298b4bc0_0 .net *"_ivl_79", 0 0, L_0x1298d2740;  1 drivers
v0x1298b4c70_0 .net *"_ivl_8", 0 0, L_0x1298d09e0;  1 drivers
v0x1298b4d20_0 .net *"_ivl_81", 0 0, L_0x1298d28e0;  1 drivers
v0x1298b4dd0_0 .net *"_ivl_83", 0 0, L_0x1298d25e0;  1 drivers
v0x1298b4e80_0 .net *"_ivl_86", 0 0, L_0x1298d2a50;  1 drivers
v0x1298b4f30_0 .net *"_ivl_88", 0 0, L_0x1298d2c00;  1 drivers
v0x1298b4fe0_0 .net *"_ivl_90", 0 0, L_0x1298d2860;  1 drivers
v0x1298b3990_0 .net *"_ivl_93", 0 0, L_0x1298d2ca0;  1 drivers
v0x1298b3a40_0 .net *"_ivl_95", 0 0, L_0x1298d2ee0;  1 drivers
v0x1298b5070_0 .net *"_ivl_97", 0 0, L_0x1298d3170;  1 drivers
v0x1298b5100_0 .net "carry", 3 0, L_0x1298d2b30;  1 drivers
v0x1298b5190_0 .net "sum", 3 0, L_0x1298d41a0;  1 drivers
v0x1298b5220_0 .net "temp", 3 0, L_0x1298d34e0;  1 drivers
L_0x1298d0820 .part L_0x1298d4880, 0, 1;
L_0x1298d0900 .part L_0x130078130, 0, 1;
L_0x1298d0a50 .part L_0x1298d4880, 1, 1;
L_0x1298d0b70 .part L_0x130078130, 1, 1;
L_0x1298d0d40 .part L_0x1298d4880, 2, 1;
L_0x1298d0e50 .part L_0x130078130, 2, 1;
L_0x1298d0f30 .concat8 [ 1 1 1 1], L_0x1298d07b0, L_0x1298d09e0, L_0x1298d0c90, L_0x1298d10d0;
L_0x1298d1180 .part L_0x1298d4880, 3, 1;
L_0x1298d12e0 .part L_0x130078130, 3, 1;
L_0x1298d14c0 .part L_0x1298d4880, 0, 1;
L_0x1298d1560 .part L_0x130078130, 0, 1;
L_0x1298d1710 .part L_0x1298d4880, 1, 1;
L_0x1298d17f0 .part L_0x130078130, 1, 1;
L_0x1298d19b0 .part L_0x1298d4880, 2, 1;
L_0x1298d1a50 .part L_0x130078130, 2, 1;
L_0x1298d1bb0 .concat8 [ 1 1 1 1], L_0x1298d1450, L_0x1298d16a0, L_0x1298d1940, L_0x1298d1cd0;
L_0x1298d1d80 .part L_0x1298d4880, 3, 1;
L_0x1298d1ff0 .part L_0x130078130, 3, 1;
L_0x1298d2200 .part L_0x1298d1bb0, 0, 1;
L_0x1298d2380 .part L_0x1298d2b30, 0, 1;
L_0x1298d24c0 .part L_0x1298d0f30, 0, 1;
L_0x1298d22e0 .part L_0x1298d34e0, 0, 1;
L_0x1298d2740 .part L_0x1298d1bb0, 1, 1;
L_0x1298d28e0 .part L_0x1298d2b30, 1, 1;
L_0x1298d2a50 .part L_0x1298d0f30, 1, 1;
L_0x1298d2c00 .part L_0x1298d34e0, 1, 1;
L_0x1298d2ca0 .part L_0x1298d1bb0, 2, 1;
L_0x1298d2ee0 .part L_0x1298d2b30, 2, 1;
L_0x1298d2b30 .concat8 [ 1 1 1 1], L_0x1298d1b30, L_0x1298d1f60, L_0x1298d25e0, L_0x1298d3170;
L_0x1298d3220 .part L_0x1298d0f30, 2, 1;
L_0x1298d3340 .part L_0x1298d34e0, 2, 1;
L_0x1298d34e0 .concat8 [ 1 1 1 1], L_0x1298d2190, L_0x1298d2690, L_0x1298d2860, L_0x1298d3080;
L_0x1298d3600 .part L_0x1298d1bb0, 2, 1;
L_0x1298d33e0 .part L_0x1298d2b30, 2, 1;
L_0x1298d38f0 .part L_0x1298d0f30, 3, 1;
L_0x1298d36a0 .part L_0x1298d34e0, 3, 1;
L_0x1298d3af0 .part L_0x1298d2b30, 3, 1;
L_0x1298d3d00 .part L_0x1298d1bb0, 0, 1;
L_0x1298d3de0 .part L_0x1298d2b30, 0, 1;
L_0x1298d3c40 .part L_0x1298d1bb0, 1, 1;
L_0x1298d3fc0 .part L_0x1298d2b30, 1, 1;
L_0x1298d3ef0 .part L_0x1298d1bb0, 2, 1;
L_0x1298d43f0 .part L_0x1298d2b30, 2, 1;
L_0x1298d41a0 .concat8 [ 1 1 1 1], L_0x1298d39d0, L_0x1298d3bd0, L_0x1298d3e80, L_0x1298d4280;
L_0x1298d4630 .part L_0x1298d1bb0, 3, 1;
L_0x1298d4490 .part L_0x1298d2b30, 3, 1;
S_0x1298b5340 .scope module, "cla5" "CLA4" 3 28, 4 3 0, S_0x1298452c0;
 .timescale -9 -9;
    .port_info 0 /INPUT 4 "A";
    .port_info 1 /INPUT 4 "B";
    .port_info 2 /INPUT 1 "Ci";
    .port_info 3 /OUTPUT 4 "sum";
    .port_info 4 /OUTPUT 1 "Co";
    .port_info 5 /OUTPUT 1 "Cp";
L_0x1298d4f10 .functor AND 1, L_0x1298d4f80, L_0x1298d5060, C4<1>, C4<1>;
L_0x1298d5140 .functor AND 1, L_0x1298d51b0, L_0x1298d52d0, C4<1>, C4<1>;
L_0x1298d53f0 .functor AND 1, L_0x1298d54a0, L_0x1298d55b0, C4<1>, C4<1>;
L_0x1298d5830 .functor AND 1, L_0x1298d58e0, L_0x1298d5a40, C4<1>, C4<1>;
L_0x1298d5bb0 .functor XOR 1, L_0x1298d5c20, L_0x1298d5cc0, C4<0>, C4<0>;
L_0x1298d5e00 .functor XOR 1, L_0x1298d5e70, L_0x1298d5f50, C4<0>, C4<0>;
L_0x1298d60a0 .functor XOR 1, L_0x1298d6110, L_0x1298d61b0, C4<0>, C4<0>;
L_0x1298d6430 .functor XOR 1, L_0x1298d64e0, L_0x1298d6750, C4<0>, C4<0>;
L_0x1298d6290 .functor BUF 1, v0x1298c3650_0, C4<0>, C4<0>, C4<0>;
L_0x1298d68f0 .functor AND 1, L_0x1298d6960, L_0x1298d6ae0, C4<1>, C4<1>;
L_0x1298d66c0 .functor OR 1, L_0x1298d6c20, L_0x1298d6a40, C4<0>, C4<0>;
L_0x1298d6df0 .functor AND 1, L_0x1298d6ea0, L_0x1298d7040, C4<1>, C4<1>;
L_0x1298d6d40 .functor OR 1, L_0x1298d71b0, L_0x1298d7360, C4<0>, C4<0>;
L_0x1298d6fc0 .functor AND 1, L_0x1298d7400, L_0x1298d7640, C4<1>, C4<1>;
L_0x1298d78d0 .functor OR 1, L_0x1298d7980, L_0x1298d7aa0, C4<0>, C4<0>;
L_0x1298d77e0 .functor AND 1, L_0x1298d7d60, L_0x1298d7b40, C4<1>, C4<1>;
L_0x1298d7f10 .functor OR 1, L_0x1298d8010, L_0x1298d7e00, C4<0>, C4<0>;
L_0x1298d7560 .functor BUF 1, L_0x1298d8210, C4<0>, C4<0>, C4<0>;
L_0x1298d80f0 .functor XOR 1, L_0x1298d8420, L_0x1298d8500, C4<0>, C4<0>;
L_0x1298d82f0 .functor XOR 1, L_0x1298d8360, L_0x1298d86e0, C4<0>, C4<0>;
L_0x1298d85a0 .functor XOR 1, L_0x1298d8610, L_0x1298d8b10, C4<0>, C4<0>;
L_0x1298d89a0 .functor XOR 1, L_0x1298d8d90, L_0x1298d8bf0, C4<0>, C4<0>;
v0x1298b5580_0 .net "A", 3 0, L_0x1298d8fe0;  1 drivers
v0x1298b5610_0 .net "B", 3 0, L_0x1298d9080;  1 drivers
v0x1298b56b0_0 .net "Ci", 0 0, v0x1298c3650_0;  alias, 1 drivers
v0x1298b5760_0 .net "Co", 0 0, L_0x1298d7f10;  1 drivers
v0x1298b57f0_0 .net "Cp", 0 0, L_0x1298d7560;  1 drivers
v0x1298b58d0_0 .net "G", 3 0, L_0x1298d5690;  1 drivers
v0x1298b5980_0 .net "P", 3 0, L_0x1298d6310;  1 drivers
v0x1298b5a30_0 .net *"_ivl_1", 0 0, L_0x1298d4f10;  1 drivers
v0x1298b5ae0_0 .net *"_ivl_101", 0 0, L_0x1298d7980;  1 drivers
v0x1298b5bf0_0 .net *"_ivl_103", 0 0, L_0x1298d7aa0;  1 drivers
v0x1298b5ca0_0 .net *"_ivl_105", 0 0, L_0x1298d77e0;  1 drivers
v0x1298b5d50_0 .net *"_ivl_109", 0 0, L_0x1298d7d60;  1 drivers
v0x1298b5e00_0 .net *"_ivl_11", 0 0, L_0x1298d51b0;  1 drivers
v0x1298b5eb0_0 .net *"_ivl_111", 0 0, L_0x1298d7b40;  1 drivers
v0x1298b5f60_0 .net *"_ivl_114", 0 0, L_0x1298d8010;  1 drivers
v0x1298b6010_0 .net *"_ivl_116", 0 0, L_0x1298d7e00;  1 drivers
v0x1298b60c0_0 .net *"_ivl_119", 0 0, L_0x1298d8210;  1 drivers
v0x1298b6250_0 .net *"_ivl_121", 0 0, L_0x1298d80f0;  1 drivers
v0x1298b62e0_0 .net *"_ivl_124", 0 0, L_0x1298d8420;  1 drivers
v0x1298b6390_0 .net *"_ivl_126", 0 0, L_0x1298d8500;  1 drivers
v0x1298b6440_0 .net *"_ivl_128", 0 0, L_0x1298d82f0;  1 drivers
v0x1298b64f0_0 .net *"_ivl_13", 0 0, L_0x1298d52d0;  1 drivers
v0x1298b65a0_0 .net *"_ivl_131", 0 0, L_0x1298d8360;  1 drivers
v0x1298b6650_0 .net *"_ivl_133", 0 0, L_0x1298d86e0;  1 drivers
v0x1298b6700_0 .net *"_ivl_135", 0 0, L_0x1298d85a0;  1 drivers
v0x1298b67b0_0 .net *"_ivl_138", 0 0, L_0x1298d8610;  1 drivers
v0x1298b6860_0 .net *"_ivl_140", 0 0, L_0x1298d8b10;  1 drivers
v0x1298b6910_0 .net *"_ivl_142", 0 0, L_0x1298d89a0;  1 drivers
v0x1298b69c0_0 .net *"_ivl_146", 0 0, L_0x1298d8d90;  1 drivers
v0x1298b6a70_0 .net *"_ivl_148", 0 0, L_0x1298d8bf0;  1 drivers
v0x1298b6b20_0 .net *"_ivl_15", 0 0, L_0x1298d53f0;  1 drivers
v0x1298b6bd0_0 .net *"_ivl_18", 0 0, L_0x1298d54a0;  1 drivers
v0x1298b6c80_0 .net *"_ivl_20", 0 0, L_0x1298d55b0;  1 drivers
v0x1298b6170_0 .net *"_ivl_22", 0 0, L_0x1298d5830;  1 drivers
v0x1298b6f10_0 .net *"_ivl_26", 0 0, L_0x1298d58e0;  1 drivers
v0x1298b6fa0_0 .net *"_ivl_28", 0 0, L_0x1298d5a40;  1 drivers
v0x1298b7040_0 .net *"_ivl_30", 0 0, L_0x1298d5bb0;  1 drivers
v0x1298b70f0_0 .net *"_ivl_33", 0 0, L_0x1298d5c20;  1 drivers
v0x1298b71a0_0 .net *"_ivl_35", 0 0, L_0x1298d5cc0;  1 drivers
v0x1298b7250_0 .net *"_ivl_37", 0 0, L_0x1298d5e00;  1 drivers
v0x1298b7300_0 .net *"_ivl_4", 0 0, L_0x1298d4f80;  1 drivers
v0x1298b73b0_0 .net *"_ivl_40", 0 0, L_0x1298d5e70;  1 drivers
v0x1298b7460_0 .net *"_ivl_42", 0 0, L_0x1298d5f50;  1 drivers
v0x1298b7510_0 .net *"_ivl_44", 0 0, L_0x1298d60a0;  1 drivers
v0x1298b75c0_0 .net *"_ivl_47", 0 0, L_0x1298d6110;  1 drivers
v0x1298b7670_0 .net *"_ivl_49", 0 0, L_0x1298d61b0;  1 drivers
v0x1298b7720_0 .net *"_ivl_51", 0 0, L_0x1298d6430;  1 drivers
v0x1298b77d0_0 .net *"_ivl_55", 0 0, L_0x1298d64e0;  1 drivers
v0x1298b7880_0 .net *"_ivl_57", 0 0, L_0x1298d6750;  1 drivers
v0x1298b7930_0 .net *"_ivl_59", 0 0, L_0x1298d6290;  1 drivers
v0x1298b79e0_0 .net *"_ivl_6", 0 0, L_0x1298d5060;  1 drivers
v0x1298b7a90_0 .net *"_ivl_62", 0 0, L_0x1298d68f0;  1 drivers
v0x1298b7b40_0 .net *"_ivl_65", 0 0, L_0x1298d6960;  1 drivers
v0x1298b7bf0_0 .net *"_ivl_67", 0 0, L_0x1298d6ae0;  1 drivers
v0x1298b7ca0_0 .net *"_ivl_69", 0 0, L_0x1298d66c0;  1 drivers
v0x1298b7d50_0 .net *"_ivl_72", 0 0, L_0x1298d6c20;  1 drivers
v0x1298b7e00_0 .net *"_ivl_74", 0 0, L_0x1298d6a40;  1 drivers
v0x1298b7eb0_0 .net *"_ivl_76", 0 0, L_0x1298d6df0;  1 drivers
v0x1298b7f60_0 .net *"_ivl_79", 0 0, L_0x1298d6ea0;  1 drivers
v0x1298b8010_0 .net *"_ivl_8", 0 0, L_0x1298d5140;  1 drivers
v0x1298b80c0_0 .net *"_ivl_81", 0 0, L_0x1298d7040;  1 drivers
v0x1298b8170_0 .net *"_ivl_83", 0 0, L_0x1298d6d40;  1 drivers
v0x1298b8220_0 .net *"_ivl_86", 0 0, L_0x1298d71b0;  1 drivers
v0x1298b82d0_0 .net *"_ivl_88", 0 0, L_0x1298d7360;  1 drivers
v0x1298b8380_0 .net *"_ivl_90", 0 0, L_0x1298d6fc0;  1 drivers
v0x1298b6d30_0 .net *"_ivl_93", 0 0, L_0x1298d7400;  1 drivers
v0x1298b6de0_0 .net *"_ivl_95", 0 0, L_0x1298d7640;  1 drivers
v0x1298b8410_0 .net *"_ivl_97", 0 0, L_0x1298d78d0;  1 drivers
v0x1298b84a0_0 .net "carry", 3 0, L_0x1298d7290;  1 drivers
v0x1298b8530_0 .net "sum", 3 0, L_0x1298d88c0;  1 drivers
v0x1298b85c0_0 .net "temp", 3 0, L_0x1298d7c40;  1 drivers
L_0x1298d4f80 .part L_0x1298d8fe0, 0, 1;
L_0x1298d5060 .part L_0x1298d9080, 0, 1;
L_0x1298d51b0 .part L_0x1298d8fe0, 1, 1;
L_0x1298d52d0 .part L_0x1298d9080, 1, 1;
L_0x1298d54a0 .part L_0x1298d8fe0, 2, 1;
L_0x1298d55b0 .part L_0x1298d9080, 2, 1;
L_0x1298d5690 .concat8 [ 1 1 1 1], L_0x1298d4f10, L_0x1298d5140, L_0x1298d53f0, L_0x1298d5830;
L_0x1298d58e0 .part L_0x1298d8fe0, 3, 1;
L_0x1298d5a40 .part L_0x1298d9080, 3, 1;
L_0x1298d5c20 .part L_0x1298d8fe0, 0, 1;
L_0x1298d5cc0 .part L_0x1298d9080, 0, 1;
L_0x1298d5e70 .part L_0x1298d8fe0, 1, 1;
L_0x1298d5f50 .part L_0x1298d9080, 1, 1;
L_0x1298d6110 .part L_0x1298d8fe0, 2, 1;
L_0x1298d61b0 .part L_0x1298d9080, 2, 1;
L_0x1298d6310 .concat8 [ 1 1 1 1], L_0x1298d5bb0, L_0x1298d5e00, L_0x1298d60a0, L_0x1298d6430;
L_0x1298d64e0 .part L_0x1298d8fe0, 3, 1;
L_0x1298d6750 .part L_0x1298d9080, 3, 1;
L_0x1298d6960 .part L_0x1298d6310, 0, 1;
L_0x1298d6ae0 .part L_0x1298d7290, 0, 1;
L_0x1298d6c20 .part L_0x1298d5690, 0, 1;
L_0x1298d6a40 .part L_0x1298d7c40, 0, 1;
L_0x1298d6ea0 .part L_0x1298d6310, 1, 1;
L_0x1298d7040 .part L_0x1298d7290, 1, 1;
L_0x1298d71b0 .part L_0x1298d5690, 1, 1;
L_0x1298d7360 .part L_0x1298d7c40, 1, 1;
L_0x1298d7400 .part L_0x1298d6310, 2, 1;
L_0x1298d7640 .part L_0x1298d7290, 2, 1;
L_0x1298d7290 .concat8 [ 1 1 1 1], L_0x1298d6290, L_0x1298d66c0, L_0x1298d6d40, L_0x1298d78d0;
L_0x1298d7980 .part L_0x1298d5690, 2, 1;
L_0x1298d7aa0 .part L_0x1298d7c40, 2, 1;
L_0x1298d7c40 .concat8 [ 1 1 1 1], L_0x1298d68f0, L_0x1298d6df0, L_0x1298d6fc0, L_0x1298d77e0;
L_0x1298d7d60 .part L_0x1298d6310, 2, 1;
L_0x1298d7b40 .part L_0x1298d7290, 2, 1;
L_0x1298d8010 .part L_0x1298d5690, 3, 1;
L_0x1298d7e00 .part L_0x1298d7c40, 3, 1;
L_0x1298d8210 .part L_0x1298d7290, 3, 1;
L_0x1298d8420 .part L_0x1298d6310, 0, 1;
L_0x1298d8500 .part L_0x1298d7290, 0, 1;
L_0x1298d8360 .part L_0x1298d6310, 1, 1;
L_0x1298d86e0 .part L_0x1298d7290, 1, 1;
L_0x1298d8610 .part L_0x1298d6310, 2, 1;
L_0x1298d8b10 .part L_0x1298d7290, 2, 1;
L_0x1298d88c0 .concat8 [ 1 1 1 1], L_0x1298d80f0, L_0x1298d82f0, L_0x1298d85a0, L_0x1298d89a0;
L_0x1298d8d90 .part L_0x1298d6310, 3, 1;
L_0x1298d8bf0 .part L_0x1298d7290, 3, 1;
S_0x1298b86e0 .scope module, "cla6" "CLA4" 3 29, 4 3 0, S_0x1298452c0;
 .timescale -9 -9;
    .port_info 0 /INPUT 4 "A";
    .port_info 1 /INPUT 4 "B";
    .port_info 2 /INPUT 1 "Ci";
    .port_info 3 /OUTPUT 4 "sum";
    .port_info 4 /OUTPUT 1 "Co";
    .port_info 5 /OUTPUT 1 "Cp";
L_0x1298d9190 .functor AND 1, L_0x1298d9200, L_0x1298d92a0, C4<1>, C4<1>;
L_0x1298d9380 .functor AND 1, L_0x1298d9410, L_0x1298d9530, C4<1>, C4<1>;
L_0x1298d9650 .functor AND 1, L_0x1298d9700, L_0x1298d9810, C4<1>, C4<1>;
L_0x1298d9a90 .functor AND 1, L_0x1298d9b40, L_0x1298d9ca0, C4<1>, C4<1>;
L_0x1298d9e10 .functor XOR 1, L_0x1298d9e80, L_0x1298d9f20, C4<0>, C4<0>;
L_0x1298da060 .functor XOR 1, L_0x1298da0d0, L_0x1298da1b0, C4<0>, C4<0>;
L_0x1298da300 .functor XOR 1, L_0x1298da370, L_0x1298da410, C4<0>, C4<0>;
L_0x1298da690 .functor XOR 1, L_0x1298da740, L_0x1298da9b0, C4<0>, C4<0>;
L_0x1298da4f0 .functor BUF 1, L_0x1298dd380, C4<0>, C4<0>, C4<0>;
L_0x1298dab50 .functor AND 1, L_0x1298dabc0, L_0x1298dad40, C4<1>, C4<1>;
L_0x1298da920 .functor OR 1, L_0x1298dae80, L_0x1298daca0, C4<0>, C4<0>;
L_0x1298db050 .functor AND 1, L_0x1298db100, L_0x1298db2a0, C4<1>, C4<1>;
L_0x1298dafa0 .functor OR 1, L_0x1298db410, L_0x1298db5c0, C4<0>, C4<0>;
L_0x1298db220 .functor AND 1, L_0x1298db660, L_0x1298db8a0, C4<1>, C4<1>;
L_0x1298dbb30 .functor OR 1, L_0x1298dbbe0, L_0x1298dbd00, C4<0>, C4<0>;
L_0x1298dba40 .functor AND 1, L_0x1298dbfc0, L_0x1298dbda0, C4<1>, C4<1>;
L_0x1298dc170 .functor OR 1, L_0x1298dc270, L_0x1298dc060, C4<0>, C4<0>;
L_0x1298db7c0 .functor BUF 1, L_0x1298dc470, C4<0>, C4<0>, C4<0>;
L_0x1298dc350 .functor XOR 1, L_0x1298dc680, L_0x1298dc760, C4<0>, C4<0>;
L_0x1298dc550 .functor XOR 1, L_0x1298dc5c0, L_0x1298dc980, C4<0>, C4<0>;
L_0x1298dc800 .functor XOR 1, L_0x1298dc870, L_0x1298dcdb0, C4<0>, C4<0>;
L_0x1298dcc40 .functor XOR 1, L_0x1298dcff0, L_0x1298dce50, C4<0>, C4<0>;
v0x1298b88e0_0 .net "A", 3 0, L_0x1298dd240;  1 drivers
v0x1298b8970_0 .net "B", 3 0, L_0x1298dd2e0;  1 drivers
v0x1298b8a20_0 .net "Ci", 0 0, L_0x1298dd380;  1 drivers
v0x1298b8ad0_0 .net "Co", 0 0, L_0x1298dc170;  1 drivers
v0x1298b8b70_0 .net "Cp", 0 0, L_0x1298db7c0;  1 drivers
v0x1298b8c50_0 .net "G", 3 0, L_0x1298d98f0;  1 drivers
v0x1298b8d00_0 .net "P", 3 0, L_0x1298da570;  1 drivers
v0x1298b8db0_0 .net *"_ivl_1", 0 0, L_0x1298d9190;  1 drivers
v0x1298b8e60_0 .net *"_ivl_101", 0 0, L_0x1298dbbe0;  1 drivers
v0x1298b8f70_0 .net *"_ivl_103", 0 0, L_0x1298dbd00;  1 drivers
v0x1298b9020_0 .net *"_ivl_105", 0 0, L_0x1298dba40;  1 drivers
v0x1298b90d0_0 .net *"_ivl_109", 0 0, L_0x1298dbfc0;  1 drivers
v0x1298b9180_0 .net *"_ivl_11", 0 0, L_0x1298d9410;  1 drivers
v0x1298b9230_0 .net *"_ivl_111", 0 0, L_0x1298dbda0;  1 drivers
v0x1298b92e0_0 .net *"_ivl_114", 0 0, L_0x1298dc270;  1 drivers
v0x1298b9390_0 .net *"_ivl_116", 0 0, L_0x1298dc060;  1 drivers
v0x1298b9440_0 .net *"_ivl_119", 0 0, L_0x1298dc470;  1 drivers
v0x1298b95d0_0 .net *"_ivl_121", 0 0, L_0x1298dc350;  1 drivers
v0x1298b9660_0 .net *"_ivl_124", 0 0, L_0x1298dc680;  1 drivers
v0x1298b9710_0 .net *"_ivl_126", 0 0, L_0x1298dc760;  1 drivers
v0x1298b97c0_0 .net *"_ivl_128", 0 0, L_0x1298dc550;  1 drivers
v0x1298b9870_0 .net *"_ivl_13", 0 0, L_0x1298d9530;  1 drivers
v0x1298b9920_0 .net *"_ivl_131", 0 0, L_0x1298dc5c0;  1 drivers
v0x1298b99d0_0 .net *"_ivl_133", 0 0, L_0x1298dc980;  1 drivers
v0x1298b9a80_0 .net *"_ivl_135", 0 0, L_0x1298dc800;  1 drivers
v0x1298b9b30_0 .net *"_ivl_138", 0 0, L_0x1298dc870;  1 drivers
v0x1298b9be0_0 .net *"_ivl_140", 0 0, L_0x1298dcdb0;  1 drivers
v0x1298b9c90_0 .net *"_ivl_142", 0 0, L_0x1298dcc40;  1 drivers
v0x1298b9d40_0 .net *"_ivl_146", 0 0, L_0x1298dcff0;  1 drivers
v0x1298b9df0_0 .net *"_ivl_148", 0 0, L_0x1298dce50;  1 drivers
v0x1298b9ea0_0 .net *"_ivl_15", 0 0, L_0x1298d9650;  1 drivers
v0x1298b9f50_0 .net *"_ivl_18", 0 0, L_0x1298d9700;  1 drivers
v0x1298ba000_0 .net *"_ivl_20", 0 0, L_0x1298d9810;  1 drivers
v0x1298b94f0_0 .net *"_ivl_22", 0 0, L_0x1298d9a90;  1 drivers
v0x1298ba290_0 .net *"_ivl_26", 0 0, L_0x1298d9b40;  1 drivers
v0x1298ba320_0 .net *"_ivl_28", 0 0, L_0x1298d9ca0;  1 drivers
v0x1298ba3c0_0 .net *"_ivl_30", 0 0, L_0x1298d9e10;  1 drivers
v0x1298ba470_0 .net *"_ivl_33", 0 0, L_0x1298d9e80;  1 drivers
v0x1298ba520_0 .net *"_ivl_35", 0 0, L_0x1298d9f20;  1 drivers
v0x1298ba5d0_0 .net *"_ivl_37", 0 0, L_0x1298da060;  1 drivers
v0x1298ba680_0 .net *"_ivl_4", 0 0, L_0x1298d9200;  1 drivers
v0x1298ba730_0 .net *"_ivl_40", 0 0, L_0x1298da0d0;  1 drivers
v0x1298ba7e0_0 .net *"_ivl_42", 0 0, L_0x1298da1b0;  1 drivers
v0x1298ba890_0 .net *"_ivl_44", 0 0, L_0x1298da300;  1 drivers
v0x1298ba940_0 .net *"_ivl_47", 0 0, L_0x1298da370;  1 drivers
v0x1298ba9f0_0 .net *"_ivl_49", 0 0, L_0x1298da410;  1 drivers
v0x1298baaa0_0 .net *"_ivl_51", 0 0, L_0x1298da690;  1 drivers
v0x1298bab50_0 .net *"_ivl_55", 0 0, L_0x1298da740;  1 drivers
v0x1298bac00_0 .net *"_ivl_57", 0 0, L_0x1298da9b0;  1 drivers
v0x1298bacb0_0 .net *"_ivl_59", 0 0, L_0x1298da4f0;  1 drivers
v0x1298bad60_0 .net *"_ivl_6", 0 0, L_0x1298d92a0;  1 drivers
v0x1298bae10_0 .net *"_ivl_62", 0 0, L_0x1298dab50;  1 drivers
v0x1298baec0_0 .net *"_ivl_65", 0 0, L_0x1298dabc0;  1 drivers
v0x1298baf70_0 .net *"_ivl_67", 0 0, L_0x1298dad40;  1 drivers
v0x1298bb020_0 .net *"_ivl_69", 0 0, L_0x1298da920;  1 drivers
v0x1298bb0d0_0 .net *"_ivl_72", 0 0, L_0x1298dae80;  1 drivers
v0x1298bb180_0 .net *"_ivl_74", 0 0, L_0x1298daca0;  1 drivers
v0x1298bb230_0 .net *"_ivl_76", 0 0, L_0x1298db050;  1 drivers
v0x1298bb2e0_0 .net *"_ivl_79", 0 0, L_0x1298db100;  1 drivers
v0x1298bb390_0 .net *"_ivl_8", 0 0, L_0x1298d9380;  1 drivers
v0x1298bb440_0 .net *"_ivl_81", 0 0, L_0x1298db2a0;  1 drivers
v0x1298bb4f0_0 .net *"_ivl_83", 0 0, L_0x1298dafa0;  1 drivers
v0x1298bb5a0_0 .net *"_ivl_86", 0 0, L_0x1298db410;  1 drivers
v0x1298bb650_0 .net *"_ivl_88", 0 0, L_0x1298db5c0;  1 drivers
v0x1298bb700_0 .net *"_ivl_90", 0 0, L_0x1298db220;  1 drivers
v0x1298ba0b0_0 .net *"_ivl_93", 0 0, L_0x1298db660;  1 drivers
v0x1298ba160_0 .net *"_ivl_95", 0 0, L_0x1298db8a0;  1 drivers
v0x1298bb790_0 .net *"_ivl_97", 0 0, L_0x1298dbb30;  1 drivers
v0x1298bb820_0 .net "carry", 3 0, L_0x1298db4f0;  1 drivers
v0x1298bb8b0_0 .net "sum", 3 0, L_0x1298dcb60;  1 drivers
v0x1298bb940_0 .net "temp", 3 0, L_0x1298dbea0;  1 drivers
L_0x1298d9200 .part L_0x1298dd240, 0, 1;
L_0x1298d92a0 .part L_0x1298dd2e0, 0, 1;
L_0x1298d9410 .part L_0x1298dd240, 1, 1;
L_0x1298d9530 .part L_0x1298dd2e0, 1, 1;
L_0x1298d9700 .part L_0x1298dd240, 2, 1;
L_0x1298d9810 .part L_0x1298dd2e0, 2, 1;
L_0x1298d98f0 .concat8 [ 1 1 1 1], L_0x1298d9190, L_0x1298d9380, L_0x1298d9650, L_0x1298d9a90;
L_0x1298d9b40 .part L_0x1298dd240, 3, 1;
L_0x1298d9ca0 .part L_0x1298dd2e0, 3, 1;
L_0x1298d9e80 .part L_0x1298dd240, 0, 1;
L_0x1298d9f20 .part L_0x1298dd2e0, 0, 1;
L_0x1298da0d0 .part L_0x1298dd240, 1, 1;
L_0x1298da1b0 .part L_0x1298dd2e0, 1, 1;
L_0x1298da370 .part L_0x1298dd240, 2, 1;
L_0x1298da410 .part L_0x1298dd2e0, 2, 1;
L_0x1298da570 .concat8 [ 1 1 1 1], L_0x1298d9e10, L_0x1298da060, L_0x1298da300, L_0x1298da690;
L_0x1298da740 .part L_0x1298dd240, 3, 1;
L_0x1298da9b0 .part L_0x1298dd2e0, 3, 1;
L_0x1298dabc0 .part L_0x1298da570, 0, 1;
L_0x1298dad40 .part L_0x1298db4f0, 0, 1;
L_0x1298dae80 .part L_0x1298d98f0, 0, 1;
L_0x1298daca0 .part L_0x1298dbea0, 0, 1;
L_0x1298db100 .part L_0x1298da570, 1, 1;
L_0x1298db2a0 .part L_0x1298db4f0, 1, 1;
L_0x1298db410 .part L_0x1298d98f0, 1, 1;
L_0x1298db5c0 .part L_0x1298dbea0, 1, 1;
L_0x1298db660 .part L_0x1298da570, 2, 1;
L_0x1298db8a0 .part L_0x1298db4f0, 2, 1;
L_0x1298db4f0 .concat8 [ 1 1 1 1], L_0x1298da4f0, L_0x1298da920, L_0x1298dafa0, L_0x1298dbb30;
L_0x1298dbbe0 .part L_0x1298d98f0, 2, 1;
L_0x1298dbd00 .part L_0x1298dbea0, 2, 1;
L_0x1298dbea0 .concat8 [ 1 1 1 1], L_0x1298dab50, L_0x1298db050, L_0x1298db220, L_0x1298dba40;
L_0x1298dbfc0 .part L_0x1298da570, 2, 1;
L_0x1298dbda0 .part L_0x1298db4f0, 2, 1;
L_0x1298dc270 .part L_0x1298d98f0, 3, 1;
L_0x1298dc060 .part L_0x1298dbea0, 3, 1;
L_0x1298dc470 .part L_0x1298db4f0, 3, 1;
L_0x1298dc680 .part L_0x1298da570, 0, 1;
L_0x1298dc760 .part L_0x1298db4f0, 0, 1;
L_0x1298dc5c0 .part L_0x1298da570, 1, 1;
L_0x1298dc980 .part L_0x1298db4f0, 1, 1;
L_0x1298dc870 .part L_0x1298da570, 2, 1;
L_0x1298dcdb0 .part L_0x1298db4f0, 2, 1;
L_0x1298dcb60 .concat8 [ 1 1 1 1], L_0x1298dc350, L_0x1298dc550, L_0x1298dc800, L_0x1298dcc40;
L_0x1298dcff0 .part L_0x1298da570, 3, 1;
L_0x1298dce50 .part L_0x1298db4f0, 3, 1;
S_0x1298bba60 .scope module, "cla7" "CLA4" 3 30, 4 3 0, S_0x1298452c0;
 .timescale -9 -9;
    .port_info 0 /INPUT 4 "A";
    .port_info 1 /INPUT 4 "B";
    .port_info 2 /INPUT 1 "Ci";
    .port_info 3 /OUTPUT 4 "sum";
    .port_info 4 /OUTPUT 1 "Co";
    .port_info 5 /OUTPUT 1 "Cp";
L_0x1298d9120 .functor AND 1, L_0x1298dd480, L_0x1298dd560, C4<1>, C4<1>;
L_0x1298dd640 .functor AND 1, L_0x1298dd730, L_0x1298dd850, C4<1>, C4<1>;
L_0x1298dd970 .functor AND 1, L_0x1298dda20, L_0x1298ddb00, C4<1>, C4<1>;
L_0x1298dddb0 .functor AND 1, L_0x1298dde60, L_0x1298ddfc0, C4<1>, C4<1>;
L_0x1298de130 .functor XOR 1, L_0x1298de1a0, L_0x1298de240, C4<0>, C4<0>;
L_0x1298de380 .functor XOR 1, L_0x1298de3f0, L_0x1298de4d0, C4<0>, C4<0>;
L_0x1298de620 .functor XOR 1, L_0x1298de690, L_0x1298de730, C4<0>, C4<0>;
L_0x1298de9b0 .functor XOR 1, L_0x1298dea60, L_0x1298decd0, C4<0>, C4<0>;
L_0x1298de810 .functor BUF 1, L_0x1298e1730, C4<0>, C4<0>, C4<0>;
L_0x1298dee70 .functor AND 1, L_0x1298deee0, L_0x1298df060, C4<1>, C4<1>;
L_0x1298dec40 .functor OR 1, L_0x1298df1a0, L_0x1298defc0, C4<0>, C4<0>;
L_0x1298df370 .functor AND 1, L_0x1298df420, L_0x1298df5c0, C4<1>, C4<1>;
L_0x1298df2c0 .functor OR 1, L_0x1298df730, L_0x1298df8e0, C4<0>, C4<0>;
L_0x1298df540 .functor AND 1, L_0x1298df980, L_0x1298dfbc0, C4<1>, C4<1>;
L_0x1298dfe50 .functor OR 1, L_0x1298dff00, L_0x1298e0020, C4<0>, C4<0>;
L_0x1298dfd60 .functor AND 1, L_0x1298e02e0, L_0x1298e00c0, C4<1>, C4<1>;
L_0x1298e0490 .functor OR 1, L_0x1298e0590, L_0x1298e0380, C4<0>, C4<0>;
L_0x1298dfae0 .functor BUF 1, L_0x1298e0790, C4<0>, C4<0>, C4<0>;
L_0x1298e0670 .functor XOR 1, L_0x1298e09a0, L_0x1298e0a80, C4<0>, C4<0>;
L_0x1298e0870 .functor XOR 1, L_0x1298e08e0, L_0x1298e0ca0, C4<0>, C4<0>;
L_0x1298e0b20 .functor XOR 1, L_0x1298e0b90, L_0x1298e10d0, C4<0>, C4<0>;
L_0x1298e0f60 .functor XOR 1, L_0x1298e1310, L_0x1298e1170, C4<0>, C4<0>;
v0x1298bbc60_0 .net "A", 3 0, L_0x1298e1560;  1 drivers
v0x1298bbcf0_0 .net "B", 3 0, L_0x1298e1690;  1 drivers
v0x1298bbda0_0 .net "Ci", 0 0, L_0x1298e1730;  1 drivers
v0x1298bbe50_0 .net "Co", 0 0, L_0x1298e0490;  1 drivers
v0x1298bbef0_0 .net "Cp", 0 0, L_0x1298dfae0;  1 drivers
v0x1298bbfd0_0 .net "G", 3 0, L_0x1298ddbe0;  1 drivers
v0x1298bc080_0 .net "P", 3 0, L_0x1298de890;  1 drivers
v0x1298bc130_0 .net *"_ivl_1", 0 0, L_0x1298d9120;  1 drivers
v0x1298bc1e0_0 .net *"_ivl_101", 0 0, L_0x1298dff00;  1 drivers
v0x1298bc2f0_0 .net *"_ivl_103", 0 0, L_0x1298e0020;  1 drivers
v0x1298bc3a0_0 .net *"_ivl_105", 0 0, L_0x1298dfd60;  1 drivers
v0x1298bc450_0 .net *"_ivl_109", 0 0, L_0x1298e02e0;  1 drivers
v0x1298bc500_0 .net *"_ivl_11", 0 0, L_0x1298dd730;  1 drivers
v0x1298bc5b0_0 .net *"_ivl_111", 0 0, L_0x1298e00c0;  1 drivers
v0x1298bc660_0 .net *"_ivl_114", 0 0, L_0x1298e0590;  1 drivers
v0x1298bc710_0 .net *"_ivl_116", 0 0, L_0x1298e0380;  1 drivers
v0x1298bc7c0_0 .net *"_ivl_119", 0 0, L_0x1298e0790;  1 drivers
v0x1298bc950_0 .net *"_ivl_121", 0 0, L_0x1298e0670;  1 drivers
v0x1298bc9e0_0 .net *"_ivl_124", 0 0, L_0x1298e09a0;  1 drivers
v0x1298bca90_0 .net *"_ivl_126", 0 0, L_0x1298e0a80;  1 drivers
v0x1298bcb40_0 .net *"_ivl_128", 0 0, L_0x1298e0870;  1 drivers
v0x1298bcbf0_0 .net *"_ivl_13", 0 0, L_0x1298dd850;  1 drivers
v0x1298bcca0_0 .net *"_ivl_131", 0 0, L_0x1298e08e0;  1 drivers
v0x1298bcd50_0 .net *"_ivl_133", 0 0, L_0x1298e0ca0;  1 drivers
v0x1298bce00_0 .net *"_ivl_135", 0 0, L_0x1298e0b20;  1 drivers
v0x1298bceb0_0 .net *"_ivl_138", 0 0, L_0x1298e0b90;  1 drivers
v0x1298bcf60_0 .net *"_ivl_140", 0 0, L_0x1298e10d0;  1 drivers
v0x1298bd010_0 .net *"_ivl_142", 0 0, L_0x1298e0f60;  1 drivers
v0x1298bd0c0_0 .net *"_ivl_146", 0 0, L_0x1298e1310;  1 drivers
v0x1298bd170_0 .net *"_ivl_148", 0 0, L_0x1298e1170;  1 drivers
v0x1298bd220_0 .net *"_ivl_15", 0 0, L_0x1298dd970;  1 drivers
v0x1298bd2d0_0 .net *"_ivl_18", 0 0, L_0x1298dda20;  1 drivers
v0x1298bd380_0 .net *"_ivl_20", 0 0, L_0x1298ddb00;  1 drivers
v0x1298bc870_0 .net *"_ivl_22", 0 0, L_0x1298dddb0;  1 drivers
v0x1298bd610_0 .net *"_ivl_26", 0 0, L_0x1298dde60;  1 drivers
v0x1298bd6a0_0 .net *"_ivl_28", 0 0, L_0x1298ddfc0;  1 drivers
v0x1298bd740_0 .net *"_ivl_30", 0 0, L_0x1298de130;  1 drivers
v0x1298bd7f0_0 .net *"_ivl_33", 0 0, L_0x1298de1a0;  1 drivers
v0x1298bd8a0_0 .net *"_ivl_35", 0 0, L_0x1298de240;  1 drivers
v0x1298bd950_0 .net *"_ivl_37", 0 0, L_0x1298de380;  1 drivers
v0x1298bda00_0 .net *"_ivl_4", 0 0, L_0x1298dd480;  1 drivers
v0x1298bdab0_0 .net *"_ivl_40", 0 0, L_0x1298de3f0;  1 drivers
v0x1298bdb60_0 .net *"_ivl_42", 0 0, L_0x1298de4d0;  1 drivers
v0x1298bdc10_0 .net *"_ivl_44", 0 0, L_0x1298de620;  1 drivers
v0x1298bdcc0_0 .net *"_ivl_47", 0 0, L_0x1298de690;  1 drivers
v0x1298bdd70_0 .net *"_ivl_49", 0 0, L_0x1298de730;  1 drivers
v0x1298bde20_0 .net *"_ivl_51", 0 0, L_0x1298de9b0;  1 drivers
v0x1298bded0_0 .net *"_ivl_55", 0 0, L_0x1298dea60;  1 drivers
v0x1298bdf80_0 .net *"_ivl_57", 0 0, L_0x1298decd0;  1 drivers
v0x1298be030_0 .net *"_ivl_59", 0 0, L_0x1298de810;  1 drivers
v0x1298be0e0_0 .net *"_ivl_6", 0 0, L_0x1298dd560;  1 drivers
v0x1298be190_0 .net *"_ivl_62", 0 0, L_0x1298dee70;  1 drivers
v0x1298be240_0 .net *"_ivl_65", 0 0, L_0x1298deee0;  1 drivers
v0x1298be2f0_0 .net *"_ivl_67", 0 0, L_0x1298df060;  1 drivers
v0x1298be3a0_0 .net *"_ivl_69", 0 0, L_0x1298dec40;  1 drivers
v0x1298be450_0 .net *"_ivl_72", 0 0, L_0x1298df1a0;  1 drivers
v0x1298be500_0 .net *"_ivl_74", 0 0, L_0x1298defc0;  1 drivers
v0x1298be5b0_0 .net *"_ivl_76", 0 0, L_0x1298df370;  1 drivers
v0x1298be660_0 .net *"_ivl_79", 0 0, L_0x1298df420;  1 drivers
v0x1298be710_0 .net *"_ivl_8", 0 0, L_0x1298dd640;  1 drivers
v0x1298be7c0_0 .net *"_ivl_81", 0 0, L_0x1298df5c0;  1 drivers
v0x1298be870_0 .net *"_ivl_83", 0 0, L_0x1298df2c0;  1 drivers
v0x1298be920_0 .net *"_ivl_86", 0 0, L_0x1298df730;  1 drivers
v0x1298be9d0_0 .net *"_ivl_88", 0 0, L_0x1298df8e0;  1 drivers
v0x1298bea80_0 .net *"_ivl_90", 0 0, L_0x1298df540;  1 drivers
v0x1298bd430_0 .net *"_ivl_93", 0 0, L_0x1298df980;  1 drivers
v0x1298bd4e0_0 .net *"_ivl_95", 0 0, L_0x1298dfbc0;  1 drivers
v0x1298beb10_0 .net *"_ivl_97", 0 0, L_0x1298dfe50;  1 drivers
v0x1298beba0_0 .net "carry", 3 0, L_0x1298df810;  1 drivers
v0x1298bec30_0 .net "sum", 3 0, L_0x1298e0e80;  1 drivers
v0x1298becc0_0 .net "temp", 3 0, L_0x1298e01c0;  1 drivers
L_0x1298dd480 .part L_0x1298e1560, 0, 1;
L_0x1298dd560 .part L_0x1298e1690, 0, 1;
L_0x1298dd730 .part L_0x1298e1560, 1, 1;
L_0x1298dd850 .part L_0x1298e1690, 1, 1;
L_0x1298dda20 .part L_0x1298e1560, 2, 1;
L_0x1298ddb00 .part L_0x1298e1690, 2, 1;
L_0x1298ddbe0 .concat8 [ 1 1 1 1], L_0x1298d9120, L_0x1298dd640, L_0x1298dd970, L_0x1298dddb0;
L_0x1298dde60 .part L_0x1298e1560, 3, 1;
L_0x1298ddfc0 .part L_0x1298e1690, 3, 1;
L_0x1298de1a0 .part L_0x1298e1560, 0, 1;
L_0x1298de240 .part L_0x1298e1690, 0, 1;
L_0x1298de3f0 .part L_0x1298e1560, 1, 1;
L_0x1298de4d0 .part L_0x1298e1690, 1, 1;
L_0x1298de690 .part L_0x1298e1560, 2, 1;
L_0x1298de730 .part L_0x1298e1690, 2, 1;
L_0x1298de890 .concat8 [ 1 1 1 1], L_0x1298de130, L_0x1298de380, L_0x1298de620, L_0x1298de9b0;
L_0x1298dea60 .part L_0x1298e1560, 3, 1;
L_0x1298decd0 .part L_0x1298e1690, 3, 1;
L_0x1298deee0 .part L_0x1298de890, 0, 1;
L_0x1298df060 .part L_0x1298df810, 0, 1;
L_0x1298df1a0 .part L_0x1298ddbe0, 0, 1;
L_0x1298defc0 .part L_0x1298e01c0, 0, 1;
L_0x1298df420 .part L_0x1298de890, 1, 1;
L_0x1298df5c0 .part L_0x1298df810, 1, 1;
L_0x1298df730 .part L_0x1298ddbe0, 1, 1;
L_0x1298df8e0 .part L_0x1298e01c0, 1, 1;
L_0x1298df980 .part L_0x1298de890, 2, 1;
L_0x1298dfbc0 .part L_0x1298df810, 2, 1;
L_0x1298df810 .concat8 [ 1 1 1 1], L_0x1298de810, L_0x1298dec40, L_0x1298df2c0, L_0x1298dfe50;
L_0x1298dff00 .part L_0x1298ddbe0, 2, 1;
L_0x1298e0020 .part L_0x1298e01c0, 2, 1;
L_0x1298e01c0 .concat8 [ 1 1 1 1], L_0x1298dee70, L_0x1298df370, L_0x1298df540, L_0x1298dfd60;
L_0x1298e02e0 .part L_0x1298de890, 2, 1;
L_0x1298e00c0 .part L_0x1298df810, 2, 1;
L_0x1298e0590 .part L_0x1298ddbe0, 3, 1;
L_0x1298e0380 .part L_0x1298e01c0, 3, 1;
L_0x1298e0790 .part L_0x1298df810, 3, 1;
L_0x1298e09a0 .part L_0x1298de890, 0, 1;
L_0x1298e0a80 .part L_0x1298df810, 0, 1;
L_0x1298e08e0 .part L_0x1298de890, 1, 1;
L_0x1298e0ca0 .part L_0x1298df810, 1, 1;
L_0x1298e0b90 .part L_0x1298de890, 2, 1;
L_0x1298e10d0 .part L_0x1298df810, 2, 1;
L_0x1298e0e80 .concat8 [ 1 1 1 1], L_0x1298e0670, L_0x1298e0870, L_0x1298e0b20, L_0x1298e0f60;
L_0x1298e1310 .part L_0x1298de890, 3, 1;
L_0x1298e1170 .part L_0x1298df810, 3, 1;
S_0x1298bede0 .scope module, "cla8" "CLA4" 3 31, 4 3 0, S_0x1298452c0;
 .timescale -9 -9;
    .port_info 0 /INPUT 4 "A";
    .port_info 1 /INPUT 4 "B";
    .port_info 2 /INPUT 1 "Ci";
    .port_info 3 /OUTPUT 4 "sum";
    .port_info 4 /OUTPUT 1 "Co";
    .port_info 5 /OUTPUT 1 "Cp";
L_0x1298e1950 .functor AND 1, L_0x1298e19c0, L_0x1298e1aa0, C4<1>, C4<1>;
L_0x1298e1b80 .functor AND 1, L_0x1298e1c10, L_0x1298e1d30, C4<1>, C4<1>;
L_0x1298e1e50 .functor AND 1, L_0x1298e1f00, L_0x1298e2010, C4<1>, C4<1>;
L_0x1298e2290 .functor AND 1, L_0x1298e2340, L_0x1298e24a0, C4<1>, C4<1>;
L_0x1298e2610 .functor XOR 1, L_0x1298e2680, L_0x1298e2720, C4<0>, C4<0>;
L_0x1298e2860 .functor XOR 1, L_0x1298e28d0, L_0x1298e29b0, C4<0>, C4<0>;
L_0x1298e2b00 .functor XOR 1, L_0x1298e2b70, L_0x1298e2c10, C4<0>, C4<0>;
L_0x1298e2e90 .functor XOR 1, L_0x1298e2f40, L_0x1298e31b0, C4<0>, C4<0>;
L_0x1298e2cf0 .functor BUF 1, L_0x1298e5b90, C4<0>, C4<0>, C4<0>;
L_0x1298e3350 .functor AND 1, L_0x1298e33c0, L_0x1298e3540, C4<1>, C4<1>;
L_0x1298e3120 .functor OR 1, L_0x1298e3680, L_0x1298e34a0, C4<0>, C4<0>;
L_0x1298e3850 .functor AND 1, L_0x1298e3900, L_0x1298e3aa0, C4<1>, C4<1>;
L_0x1298e37a0 .functor OR 1, L_0x1298e3c10, L_0x1298e3dc0, C4<0>, C4<0>;
L_0x1298e3a20 .functor AND 1, L_0x1298e3e60, L_0x1298e40a0, C4<1>, C4<1>;
L_0x1298e4330 .functor OR 1, L_0x1298e43e0, L_0x1298e4500, C4<0>, C4<0>;
L_0x1298e4240 .functor AND 1, L_0x1298e47c0, L_0x1298e45a0, C4<1>, C4<1>;
L_0x1298e4970 .functor OR 1, L_0x1298e4a70, L_0x1298e4860, C4<0>, C4<0>;
L_0x1298e3fc0 .functor BUF 1, L_0x1298e4c70, C4<0>, C4<0>, C4<0>;
L_0x1298e4b50 .functor XOR 1, L_0x1298e4e80, L_0x1298e4f60, C4<0>, C4<0>;
L_0x1298e4d50 .functor XOR 1, L_0x1298e4dc0, L_0x1298e5140, C4<0>, C4<0>;
L_0x1298e5000 .functor XOR 1, L_0x1298e5070, L_0x1298e5570, C4<0>, C4<0>;
L_0x1298e5400 .functor XOR 1, L_0x1298e57f0, L_0x1298e5650, C4<0>, C4<0>;
v0x1298befe0_0 .net "A", 3 0, L_0x1298e5a40;  1 drivers
v0x1298bf070_0 .net "B", 3 0, L_0x1298e17d0;  1 drivers
v0x1298bf120_0 .net "Ci", 0 0, L_0x1298e5b90;  1 drivers
v0x1298bf1d0_0 .net "Co", 0 0, L_0x1298e4970;  alias, 1 drivers
v0x1298bf270_0 .net "Cp", 0 0, L_0x1298e3fc0;  1 drivers
v0x1298bf350_0 .net "G", 3 0, L_0x1298e20f0;  1 drivers
v0x1298bf400_0 .net "P", 3 0, L_0x1298e2d70;  1 drivers
v0x1298bf4b0_0 .net *"_ivl_1", 0 0, L_0x1298e1950;  1 drivers
v0x1298bf560_0 .net *"_ivl_101", 0 0, L_0x1298e43e0;  1 drivers
v0x1298bf670_0 .net *"_ivl_103", 0 0, L_0x1298e4500;  1 drivers
v0x1298bf720_0 .net *"_ivl_105", 0 0, L_0x1298e4240;  1 drivers
v0x1298bf7d0_0 .net *"_ivl_109", 0 0, L_0x1298e47c0;  1 drivers
v0x1298bf880_0 .net *"_ivl_11", 0 0, L_0x1298e1c10;  1 drivers
v0x1298bf930_0 .net *"_ivl_111", 0 0, L_0x1298e45a0;  1 drivers
v0x1298bf9e0_0 .net *"_ivl_114", 0 0, L_0x1298e4a70;  1 drivers
v0x1298bfa90_0 .net *"_ivl_116", 0 0, L_0x1298e4860;  1 drivers
v0x1298bfb40_0 .net *"_ivl_119", 0 0, L_0x1298e4c70;  1 drivers
v0x1298bfcd0_0 .net *"_ivl_121", 0 0, L_0x1298e4b50;  1 drivers
v0x1298bfd60_0 .net *"_ivl_124", 0 0, L_0x1298e4e80;  1 drivers
v0x1298bfe10_0 .net *"_ivl_126", 0 0, L_0x1298e4f60;  1 drivers
v0x1298bfec0_0 .net *"_ivl_128", 0 0, L_0x1298e4d50;  1 drivers
v0x1298bff70_0 .net *"_ivl_13", 0 0, L_0x1298e1d30;  1 drivers
v0x1298c0020_0 .net *"_ivl_131", 0 0, L_0x1298e4dc0;  1 drivers
v0x1298c00d0_0 .net *"_ivl_133", 0 0, L_0x1298e5140;  1 drivers
v0x1298c0180_0 .net *"_ivl_135", 0 0, L_0x1298e5000;  1 drivers
v0x1298c0230_0 .net *"_ivl_138", 0 0, L_0x1298e5070;  1 drivers
v0x1298c02e0_0 .net *"_ivl_140", 0 0, L_0x1298e5570;  1 drivers
v0x1298c0390_0 .net *"_ivl_142", 0 0, L_0x1298e5400;  1 drivers
v0x1298c0440_0 .net *"_ivl_146", 0 0, L_0x1298e57f0;  1 drivers
v0x1298c04f0_0 .net *"_ivl_148", 0 0, L_0x1298e5650;  1 drivers
v0x1298c05a0_0 .net *"_ivl_15", 0 0, L_0x1298e1e50;  1 drivers
v0x1298c0650_0 .net *"_ivl_18", 0 0, L_0x1298e1f00;  1 drivers
v0x1298c0700_0 .net *"_ivl_20", 0 0, L_0x1298e2010;  1 drivers
v0x1298bfbf0_0 .net *"_ivl_22", 0 0, L_0x1298e2290;  1 drivers
v0x1298c0990_0 .net *"_ivl_26", 0 0, L_0x1298e2340;  1 drivers
v0x1298c0a20_0 .net *"_ivl_28", 0 0, L_0x1298e24a0;  1 drivers
v0x1298c0ac0_0 .net *"_ivl_30", 0 0, L_0x1298e2610;  1 drivers
v0x1298c0b70_0 .net *"_ivl_33", 0 0, L_0x1298e2680;  1 drivers
v0x1298c0c20_0 .net *"_ivl_35", 0 0, L_0x1298e2720;  1 drivers
v0x1298c0cd0_0 .net *"_ivl_37", 0 0, L_0x1298e2860;  1 drivers
v0x1298c0d80_0 .net *"_ivl_4", 0 0, L_0x1298e19c0;  1 drivers
v0x1298c0e30_0 .net *"_ivl_40", 0 0, L_0x1298e28d0;  1 drivers
v0x1298c0ee0_0 .net *"_ivl_42", 0 0, L_0x1298e29b0;  1 drivers
v0x1298c0f90_0 .net *"_ivl_44", 0 0, L_0x1298e2b00;  1 drivers
v0x1298c1040_0 .net *"_ivl_47", 0 0, L_0x1298e2b70;  1 drivers
v0x1298c10f0_0 .net *"_ivl_49", 0 0, L_0x1298e2c10;  1 drivers
v0x1298c11a0_0 .net *"_ivl_51", 0 0, L_0x1298e2e90;  1 drivers
v0x1298c1250_0 .net *"_ivl_55", 0 0, L_0x1298e2f40;  1 drivers
v0x1298c1300_0 .net *"_ivl_57", 0 0, L_0x1298e31b0;  1 drivers
v0x1298c13b0_0 .net *"_ivl_59", 0 0, L_0x1298e2cf0;  1 drivers
v0x1298c1460_0 .net *"_ivl_6", 0 0, L_0x1298e1aa0;  1 drivers
v0x1298c1510_0 .net *"_ivl_62", 0 0, L_0x1298e3350;  1 drivers
v0x1298c15c0_0 .net *"_ivl_65", 0 0, L_0x1298e33c0;  1 drivers
v0x1298c1670_0 .net *"_ivl_67", 0 0, L_0x1298e3540;  1 drivers
v0x1298c1720_0 .net *"_ivl_69", 0 0, L_0x1298e3120;  1 drivers
v0x1298c17d0_0 .net *"_ivl_72", 0 0, L_0x1298e3680;  1 drivers
v0x1298c1880_0 .net *"_ivl_74", 0 0, L_0x1298e34a0;  1 drivers
v0x1298c1930_0 .net *"_ivl_76", 0 0, L_0x1298e3850;  1 drivers
v0x1298c19e0_0 .net *"_ivl_79", 0 0, L_0x1298e3900;  1 drivers
v0x1298c1a90_0 .net *"_ivl_8", 0 0, L_0x1298e1b80;  1 drivers
v0x1298c1b40_0 .net *"_ivl_81", 0 0, L_0x1298e3aa0;  1 drivers
v0x1298c1bf0_0 .net *"_ivl_83", 0 0, L_0x1298e37a0;  1 drivers
v0x1298c1ca0_0 .net *"_ivl_86", 0 0, L_0x1298e3c10;  1 drivers
v0x1298c1d50_0 .net *"_ivl_88", 0 0, L_0x1298e3dc0;  1 drivers
v0x1298c1e00_0 .net *"_ivl_90", 0 0, L_0x1298e3a20;  1 drivers
v0x1298c07b0_0 .net *"_ivl_93", 0 0, L_0x1298e3e60;  1 drivers
v0x1298c0860_0 .net *"_ivl_95", 0 0, L_0x1298e40a0;  1 drivers
v0x1298c1e90_0 .net *"_ivl_97", 0 0, L_0x1298e4330;  1 drivers
v0x1298c1f20_0 .net "carry", 3 0, L_0x1298e3cf0;  1 drivers
v0x1298c1fb0_0 .net "sum", 3 0, L_0x1298e5320;  1 drivers
v0x1298c2040_0 .net "temp", 3 0, L_0x1298e46a0;  1 drivers
L_0x1298e19c0 .part L_0x1298e5a40, 0, 1;
L_0x1298e1aa0 .part L_0x1298e17d0, 0, 1;
L_0x1298e1c10 .part L_0x1298e5a40, 1, 1;
L_0x1298e1d30 .part L_0x1298e17d0, 1, 1;
L_0x1298e1f00 .part L_0x1298e5a40, 2, 1;
L_0x1298e2010 .part L_0x1298e17d0, 2, 1;
L_0x1298e20f0 .concat8 [ 1 1 1 1], L_0x1298e1950, L_0x1298e1b80, L_0x1298e1e50, L_0x1298e2290;
L_0x1298e2340 .part L_0x1298e5a40, 3, 1;
L_0x1298e24a0 .part L_0x1298e17d0, 3, 1;
L_0x1298e2680 .part L_0x1298e5a40, 0, 1;
L_0x1298e2720 .part L_0x1298e17d0, 0, 1;
L_0x1298e28d0 .part L_0x1298e5a40, 1, 1;
L_0x1298e29b0 .part L_0x1298e17d0, 1, 1;
L_0x1298e2b70 .part L_0x1298e5a40, 2, 1;
L_0x1298e2c10 .part L_0x1298e17d0, 2, 1;
L_0x1298e2d70 .concat8 [ 1 1 1 1], L_0x1298e2610, L_0x1298e2860, L_0x1298e2b00, L_0x1298e2e90;
L_0x1298e2f40 .part L_0x1298e5a40, 3, 1;
L_0x1298e31b0 .part L_0x1298e17d0, 3, 1;
L_0x1298e33c0 .part L_0x1298e2d70, 0, 1;
L_0x1298e3540 .part L_0x1298e3cf0, 0, 1;
L_0x1298e3680 .part L_0x1298e20f0, 0, 1;
L_0x1298e34a0 .part L_0x1298e46a0, 0, 1;
L_0x1298e3900 .part L_0x1298e2d70, 1, 1;
L_0x1298e3aa0 .part L_0x1298e3cf0, 1, 1;
L_0x1298e3c10 .part L_0x1298e20f0, 1, 1;
L_0x1298e3dc0 .part L_0x1298e46a0, 1, 1;
L_0x1298e3e60 .part L_0x1298e2d70, 2, 1;
L_0x1298e40a0 .part L_0x1298e3cf0, 2, 1;
L_0x1298e3cf0 .concat8 [ 1 1 1 1], L_0x1298e2cf0, L_0x1298e3120, L_0x1298e37a0, L_0x1298e4330;
L_0x1298e43e0 .part L_0x1298e20f0, 2, 1;
L_0x1298e4500 .part L_0x1298e46a0, 2, 1;
L_0x1298e46a0 .concat8 [ 1 1 1 1], L_0x1298e3350, L_0x1298e3850, L_0x1298e3a20, L_0x1298e4240;
L_0x1298e47c0 .part L_0x1298e2d70, 2, 1;
L_0x1298e45a0 .part L_0x1298e3cf0, 2, 1;
L_0x1298e4a70 .part L_0x1298e20f0, 3, 1;
L_0x1298e4860 .part L_0x1298e46a0, 3, 1;
L_0x1298e4c70 .part L_0x1298e3cf0, 3, 1;
L_0x1298e4e80 .part L_0x1298e2d70, 0, 1;
L_0x1298e4f60 .part L_0x1298e3cf0, 0, 1;
L_0x1298e4dc0 .part L_0x1298e2d70, 1, 1;
L_0x1298e5140 .part L_0x1298e3cf0, 1, 1;
L_0x1298e5070 .part L_0x1298e2d70, 2, 1;
L_0x1298e5570 .part L_0x1298e3cf0, 2, 1;
L_0x1298e5320 .concat8 [ 1 1 1 1], L_0x1298e4b50, L_0x1298e4d50, L_0x1298e5000, L_0x1298e5400;
L_0x1298e57f0 .part L_0x1298e2d70, 3, 1;
L_0x1298e5650 .part L_0x1298e3cf0, 3, 1;
    .scope S_0x12987e840;
T_0 ;
    %pushi/vec4 0, 0, 1;
    %store/vec4 v0x1298c3650_0, 0, 1;
    %pushi/vec4 0, 0, 1;
    %store/vec4 v0x1298c3720_0, 0, 1;
    %pushi/vec4 0, 0, 1;
    %store/vec4 v0x1298c38c0_0, 0, 1;
    %end;
    .thread T_0;
    .scope S_0x12987e840;
T_1 ;
    %vpi_call 2 24 "$dumpfile", "test_without_higher_order.vcd" {0 0 0};
    %vpi_call 2 25 "$dumpvars", 32'sb00000000000000000000000000000000, S_0x12987e840 {0 0 0};
    %pushi/vec4 2, 0, 16;
    %store/vec4 v0x1298c3510_0, 0, 16;
    %pushi/vec4 3, 0, 16;
    %store/vec4 v0x1298c35a0_0, 0, 16;
    %delay 20000, 0;
    %pushi/vec4 32771, 0, 16;
    %store/vec4 v0x1298c3510_0, 0, 16;
    %pushi/vec4 32770, 0, 16;
    %store/vec4 v0x1298c35a0_0, 0, 16;
    %delay 20000, 0;
    %pushi/vec4 2, 0, 16;
    %store/vec4 v0x1298c3510_0, 0, 16;
    %pushi/vec4 1, 0, 16;
    %store/vec4 v0x1298c35a0_0, 0, 16;
    %pushi/vec4 1, 0, 1;
    %store/vec4 v0x1298c3720_0, 0, 1;
    %delay 20000, 0;
    %pushi/vec4 32779, 0, 16;
    %store/vec4 v0x1298c3510_0, 0, 16;
    %pushi/vec4 7, 0, 16;
    %store/vec4 v0x1298c35a0_0, 0, 16;
    %delay 20000, 0;
    %pushi/vec4 1, 0, 1;
    %store/vec4 v0x1298c38c0_0, 0, 1;
    %pushi/vec4 0, 0, 1;
    %store/vec4 v0x1298c3720_0, 0, 1;
    %pushi/vec4 2, 0, 16;
    %store/vec4 v0x1298c3510_0, 0, 16;
    %pushi/vec4 3, 0, 16;
    %store/vec4 v0x1298c35a0_0, 0, 16;
    %delay 20000, 0;
    %pushi/vec4 16387, 0, 16;
    %store/vec4 v0x1298c3510_0, 0, 16;
    %pushi/vec4 16386, 0, 16;
    %store/vec4 v0x1298c35a0_0, 0, 16;
    %delay 20000, 0;
    %pushi/vec4 65533, 0, 16;
    %store/vec4 v0x1298c3510_0, 0, 16;
    %pushi/vec4 65534, 0, 16;
    %store/vec4 v0x1298c35a0_0, 0, 16;
    %delay 20000, 0;
    %pushi/vec4 32774, 0, 16;
    %store/vec4 v0x1298c3510_0, 0, 16;
    %pushi/vec4 32781, 0, 16;
    %store/vec4 v0x1298c35a0_0, 0, 16;
    %delay 20000, 0;
    %pushi/vec4 6, 0, 16;
    %store/vec4 v0x1298c3510_0, 0, 16;
    %pushi/vec4 65533, 0, 16;
    %store/vec4 v0x1298c35a0_0, 0, 16;
    %delay 20000, 0;
    %pushi/vec4 13, 0, 16;
    %store/vec4 v0x1298c3510_0, 0, 16;
    %pushi/vec4 65535, 0, 16;
    %store/vec4 v0x1298c35a0_0, 0, 16;
    %pushi/vec4 1, 0, 1;
    %store/vec4 v0x1298c3720_0, 0, 1;
    %delay 20000, 0;
    %pushi/vec4 24582, 0, 16;
    %store/vec4 v0x1298c3510_0, 0, 16;
    %pushi/vec4 32781, 0, 16;
    %store/vec4 v0x1298c35a0_0, 0, 16;
    %pushi/vec4 1, 0, 1;
    %store/vec4 v0x1298c3720_0, 0, 1;
    %delay 20000, 0;
    %end;
    .thread T_1;
# The file index is used to find the file name in the following table.
:file_names 5;
    "N/A";
    "<interactive>";
    "unsigned_test_bench.v";
    "CLA_16bit_without_higher_order.v";
    "CLA_4bit_without_higher_order.v";
